The system is: Linux - 4.1.3-2-MANJARO - x86_64
Compiling the C compiler identification source file "CMakeCCompilerId.c" succeeded.
Compiler: /usr/bin/cc 
Build flags: 
Id flags: 

The output was:
0


Compilation of the C compiler identification source "CMakeCCompilerId.c" produced "a.out"

The C compiler identification is GNU, found in "/home/snow/workspace/SIFT/build/CMakeFiles/3.2.3/CompilerIdC/a.out"

Compiling the CXX compiler identification source file "CMakeCXXCompilerId.cpp" succeeded.
Compiler: /usr/bin/c++ 
Build flags: 
Id flags: 

The output was:
0


Compilation of the CXX compiler identification source "CMakeCXXCompilerId.cpp" produced "a.out"

The CXX compiler identification is GNU, found in "/home/snow/workspace/SIFT/build/CMakeFiles/3.2.3/CompilerIdCXX/a.out"

Determining if the C compiler works passed with the following output:
Change Dir: /home/snow/workspace/SIFT/build/CMakeFiles/CMakeTmp

Run Build Command:"/usr/bin/make" "cmTryCompileExec1172905696/fast"
/usr/bin/make -f CMakeFiles/cmTryCompileExec1172905696.dir/build.make CMakeFiles/cmTryCompileExec1172905696.dir/build
make[1]: Entering directory '/home/snow/workspace/SIFT/build/CMakeFiles/CMakeTmp'
/usr/bin/cmake -E cmake_progress_report /home/snow/workspace/SIFT/build/CMakeFiles/CMakeTmp/CMakeFiles 1
Building C object CMakeFiles/cmTryCompileExec1172905696.dir/testCCompiler.c.o
/usr/bin/cc    -o CMakeFiles/cmTryCompileExec1172905696.dir/testCCompiler.c.o   -c /home/snow/workspace/SIFT/build/CMakeFiles/CMakeTmp/testCCompiler.c
Linking C executable cmTryCompileExec1172905696
/usr/bin/cmake -E cmake_link_script CMakeFiles/cmTryCompileExec1172905696.dir/link.txt --verbose=1
/usr/bin/cc       CMakeFiles/cmTryCompileExec1172905696.dir/testCCompiler.c.o  -o cmTryCompileExec1172905696 -rdynamic 
make[1]: Leaving directory '/home/snow/workspace/SIFT/build/CMakeFiles/CMakeTmp'


Detecting C compiler ABI info compiled with the following output:
Change Dir: /home/snow/workspace/SIFT/build/CMakeFiles/CMakeTmp

Run Build Command:"/usr/bin/make" "cmTryCompileExec1182792447/fast"
/usr/bin/make -f CMakeFiles/cmTryCompileExec1182792447.dir/build.make CMakeFiles/cmTryCompileExec1182792447.dir/build
make[1]: Entering directory '/home/snow/workspace/SIFT/build/CMakeFiles/CMakeTmp'
/usr/bin/cmake -E cmake_progress_report /home/snow/workspace/SIFT/build/CMakeFiles/CMakeTmp/CMakeFiles 1
Building C object CMakeFiles/cmTryCompileExec1182792447.dir/CMakeCCompilerABI.c.o
/usr/bin/cc    -o CMakeFiles/cmTryCompileExec1182792447.dir/CMakeCCompilerABI.c.o   -c /usr/share/cmake-3.2/Modules/CMakeCCompilerABI.c
Linking C executable cmTryCompileExec1182792447
/usr/bin/cmake -E cmake_link_script CMakeFiles/cmTryCompileExec1182792447.dir/link.txt --verbose=1
/usr/bin/cc      -v CMakeFiles/cmTryCompileExec1182792447.dir/CMakeCCompilerABI.c.o  -o cmTryCompileExec1182792447 -rdynamic  
Using built-in specs.
COLLECT_GCC=/usr/bin/cc
COLLECT_LTO_WRAPPER=/usr/lib/gcc/x86_64-unknown-linux-gnu/5.2.0/lto-wrapper
Target: x86_64-unknown-linux-gnu
Configured with: /build/gcc-multilib/src/gcc-5.2.0/configure --prefix=/usr --libdir=/usr/lib --libexecdir=/usr/lib --mandir=/usr/share/man --infodir=/usr/share/info --with-bugurl=https://bugs.archlinux.org/ --enable-languages=c,c++,ada,fortran,go,lto,objc,obj-c++ --enable-shared --enable-threads=posix --enable-libmpx --with-system-zlib --with-isl --enable-__cxa_atexit --disable-libunwind-exceptions --enable-clocale=gnu --disable-libstdcxx-pch --disable-libssp --enable-gnu-unique-object --enable-linker-build-id --enable-lto --enable-plugin --enable-install-libiberty --with-linker-hash-style=gnu --enable-gnu-indirect-function --enable-multilib --disable-werror --enable-checking=release --with-default-libstdcxx-abi=gcc4-compatible
Thread model: posix
gcc version 5.2.0 (GCC) 
COMPILER_PATH=/usr/lib/gcc/x86_64-unknown-linux-gnu/5.2.0/:/usr/lib/gcc/x86_64-unknown-linux-gnu/5.2.0/:/usr/lib/gcc/x86_64-unknown-linux-gnu/:/usr/lib/gcc/x86_64-unknown-linux-gnu/5.2.0/:/usr/lib/gcc/x86_64-unknown-linux-gnu/
LIBRARY_PATH=/usr/lib/gcc/x86_64-unknown-linux-gnu/5.2.0/:/usr/lib/gcc/x86_64-unknown-linux-gnu/5.2.0/../../../../lib/:/lib/../lib/:/usr/lib/../lib/:/usr/lib/gcc/x86_64-unknown-linux-gnu/5.2.0/../../../:/lib/:/usr/lib/
COLLECT_GCC_OPTIONS='-v' '-o' 'cmTryCompileExec1182792447' '-rdynamic' '-mtune=generic' '-march=x86-64'
 /usr/lib/gcc/x86_64-unknown-linux-gnu/5.2.0/collect2 -plugin /usr/lib/gcc/x86_64-unknown-linux-gnu/5.2.0/liblto_plugin.so -plugin-opt=/usr/lib/gcc/x86_64-unknown-linux-gnu/5.2.0/lto-wrapper -plugin-opt=-fresolution=/tmp/ccQakxLp.res -plugin-opt=-pass-through=-lgcc -plugin-opt=-pass-through=-lgcc_s -plugin-opt=-pass-through=-lc -plugin-opt=-pass-through=-lgcc -plugin-opt=-pass-through=-lgcc_s --build-id --eh-frame-hdr --hash-style=gnu -m elf_x86_64 -export-dynamic -dynamic-linker /lib64/ld-linux-x86-64.so.2 -o cmTryCompileExec1182792447 /usr/lib/gcc/x86_64-unknown-linux-gnu/5.2.0/../../../../lib/crt1.o /usr/lib/gcc/x86_64-unknown-linux-gnu/5.2.0/../../../../lib/crti.o /usr/lib/gcc/x86_64-unknown-linux-gnu/5.2.0/crtbegin.o -L/usr/lib/gcc/x86_64-unknown-linux-gnu/5.2.0 -L/usr/lib/gcc/x86_64-unknown-linux-gnu/5.2.0/../../../../lib -L/lib/../lib -L/usr/lib/../lib -L/usr/lib/gcc/x86_64-unknown-linux-gnu/5.2.0/../../.. CMakeFiles/cmTryCompileExec1182792447.dir/CMakeCCompilerABI.c.o -lgcc --as-needed -lgcc_s --no-as-needed -lc -lgcc --as-needed -lgcc_s --no-as-needed /usr/lib/gcc/x86_64-unknown-linux-gnu/5.2.0/crtend.o /usr/lib/gcc/x86_64-unknown-linux-gnu/5.2.0/../../../../lib/crtn.o
make[1]: Leaving directory '/home/snow/workspace/SIFT/build/CMakeFiles/CMakeTmp'


Parsed C implicit link information from above output:
  link line regex: [^( *|.*[/\])(ld|([^/\]+-)?ld|collect2)[^/\]*( |$)]
  ignore line: [Change Dir: /home/snow/workspace/SIFT/build/CMakeFiles/CMakeTmp]
  ignore line: []
  ignore line: [Run Build Command:"/usr/bin/make" "cmTryCompileExec1182792447/fast"]
  ignore line: [/usr/bin/make -f CMakeFiles/cmTryCompileExec1182792447.dir/build.make CMakeFiles/cmTryCompileExec1182792447.dir/build]
  ignore line: [make[1]: Entering directory '/home/snow/workspace/SIFT/build/CMakeFiles/CMakeTmp']
  ignore line: [/usr/bin/cmake -E cmake_progress_report /home/snow/workspace/SIFT/build/CMakeFiles/CMakeTmp/CMakeFiles 1]
  ignore line: [Building C object CMakeFiles/cmTryCompileExec1182792447.dir/CMakeCCompilerABI.c.o]
  ignore line: [/usr/bin/cc    -o CMakeFiles/cmTryCompileExec1182792447.dir/CMakeCCompilerABI.c.o   -c /usr/share/cmake-3.2/Modules/CMakeCCompilerABI.c]
  ignore line: [Linking C executable cmTryCompileExec1182792447]
  ignore line: [/usr/bin/cmake -E cmake_link_script CMakeFiles/cmTryCompileExec1182792447.dir/link.txt --verbose=1]
  ignore line: [/usr/bin/cc      -v CMakeFiles/cmTryCompileExec1182792447.dir/CMakeCCompilerABI.c.o  -o cmTryCompileExec1182792447 -rdynamic  ]
  ignore line: [Using built-in specs.]
  ignore line: [COLLECT_GCC=/usr/bin/cc]
  ignore line: [COLLECT_LTO_WRAPPER=/usr/lib/gcc/x86_64-unknown-linux-gnu/5.2.0/lto-wrapper]
  ignore line: [Target: x86_64-unknown-linux-gnu]
  ignore line: [Configured with: /build/gcc-multilib/src/gcc-5.2.0/configure --prefix=/usr --libdir=/usr/lib --libexecdir=/usr/lib --mandir=/usr/share/man --infodir=/usr/share/info --with-bugurl=https://bugs.archlinux.org/ --enable-languages=c,c++,ada,fortran,go,lto,objc,obj-c++ --enable-shared --enable-threads=posix --enable-libmpx --with-system-zlib --with-isl --enable-__cxa_atexit --disable-libunwind-exceptions --enable-clocale=gnu --disable-libstdcxx-pch --disable-libssp --enable-gnu-unique-object --enable-linker-build-id --enable-lto --enable-plugin --enable-install-libiberty --with-linker-hash-style=gnu --enable-gnu-indirect-function --enable-multilib --disable-werror --enable-checking=release --with-default-libstdcxx-abi=gcc4-compatible]
  ignore line: [Thread model: posix]
  ignore line: [gcc version 5.2.0 (GCC) ]
  ignore line: [COMPILER_PATH=/usr/lib/gcc/x86_64-unknown-linux-gnu/5.2.0/:/usr/lib/gcc/x86_64-unknown-linux-gnu/5.2.0/:/usr/lib/gcc/x86_64-unknown-linux-gnu/:/usr/lib/gcc/x86_64-unknown-linux-gnu/5.2.0/:/usr/lib/gcc/x86_64-unknown-linux-gnu/]
  ignore line: [LIBRARY_PATH=/usr/lib/gcc/x86_64-unknown-linux-gnu/5.2.0/:/usr/lib/gcc/x86_64-unknown-linux-gnu/5.2.0/../../../../lib/:/lib/../lib/:/usr/lib/../lib/:/usr/lib/gcc/x86_64-unknown-linux-gnu/5.2.0/../../../:/lib/:/usr/lib/]
  ignore line: [COLLECT_GCC_OPTIONS='-v' '-o' 'cmTryCompileExec1182792447' '-rdynamic' '-mtune=generic' '-march=x86-64']
  link line: [ /usr/lib/gcc/x86_64-unknown-linux-gnu/5.2.0/collect2 -plugin /usr/lib/gcc/x86_64-unknown-linux-gnu/5.2.0/liblto_plugin.so -plugin-opt=/usr/lib/gcc/x86_64-unknown-linux-gnu/5.2.0/lto-wrapper -plugin-opt=-fresolution=/tmp/ccQakxLp.res -plugin-opt=-pass-through=-lgcc -plugin-opt=-pass-through=-lgcc_s -plugin-opt=-pass-through=-lc -plugin-opt=-pass-through=-lgcc -plugin-opt=-pass-through=-lgcc_s --build-id --eh-frame-hdr --hash-style=gnu -m elf_x86_64 -export-dynamic -dynamic-linker /lib64/ld-linux-x86-64.so.2 -o cmTryCompileExec1182792447 /usr/lib/gcc/x86_64-unknown-linux-gnu/5.2.0/../../../../lib/crt1.o /usr/lib/gcc/x86_64-unknown-linux-gnu/5.2.0/../../../../lib/crti.o /usr/lib/gcc/x86_64-unknown-linux-gnu/5.2.0/crtbegin.o -L/usr/lib/gcc/x86_64-unknown-linux-gnu/5.2.0 -L/usr/lib/gcc/x86_64-unknown-linux-gnu/5.2.0/../../../../lib -L/lib/../lib -L/usr/lib/../lib -L/usr/lib/gcc/x86_64-unknown-linux-gnu/5.2.0/../../.. CMakeFiles/cmTryCompileExec1182792447.dir/CMakeCCompilerABI.c.o -lgcc --as-needed -lgcc_s --no-as-needed -lc -lgcc --as-needed -lgcc_s --no-as-needed /usr/lib/gcc/x86_64-unknown-linux-gnu/5.2.0/crtend.o /usr/lib/gcc/x86_64-unknown-linux-gnu/5.2.0/../../../../lib/crtn.o]
    arg [/usr/lib/gcc/x86_64-unknown-linux-gnu/5.2.0/collect2] ==> ignore
    arg [-plugin] ==> ignore
    arg [/usr/lib/gcc/x86_64-unknown-linux-gnu/5.2.0/liblto_plugin.so] ==> ignore
    arg [-plugin-opt=/usr/lib/gcc/x86_64-unknown-linux-gnu/5.2.0/lto-wrapper] ==> ignore
    arg [-plugin-opt=-fresolution=/tmp/ccQakxLp.res] ==> ignore
    arg [-plugin-opt=-pass-through=-lgcc] ==> ignore
    arg [-plugin-opt=-pass-through=-lgcc_s] ==> ignore
    arg [-plugin-opt=-pass-through=-lc] ==> ignore
    arg [-plugin-opt=-pass-through=-lgcc] ==> ignore
    arg [-plugin-opt=-pass-through=-lgcc_s] ==> ignore
    arg [--build-id] ==> ignore
    arg [--eh-frame-hdr] ==> ignore
    arg [--hash-style=gnu] ==> ignore
    arg [-m] ==> ignore
    arg [elf_x86_64] ==> ignore
    arg [-export-dynamic] ==> ignore
    arg [-dynamic-linker] ==> ignore
    arg [/lib64/ld-linux-x86-64.so.2] ==> ignore
    arg [-o] ==> ignore
    arg [cmTryCompileExec1182792447] ==> ignore
    arg [/usr/lib/gcc/x86_64-unknown-linux-gnu/5.2.0/../../../../lib/crt1.o] ==> ignore
    arg [/usr/lib/gcc/x86_64-unknown-linux-gnu/5.2.0/../../../../lib/crti.o] ==> ignore
    arg [/usr/lib/gcc/x86_64-unknown-linux-gnu/5.2.0/crtbegin.o] ==> ignore
    arg [-L/usr/lib/gcc/x86_64-unknown-linux-gnu/5.2.0] ==> dir [/usr/lib/gcc/x86_64-unknown-linux-gnu/5.2.0]
    arg [-L/usr/lib/gcc/x86_64-unknown-linux-gnu/5.2.0/../../../../lib] ==> dir [/usr/lib/gcc/x86_64-unknown-linux-gnu/5.2.0/../../../../lib]
    arg [-L/lib/../lib] ==> dir [/lib/../lib]
    arg [-L/usr/lib/../lib] ==> dir [/usr/lib/../lib]
    arg [-L/usr/lib/gcc/x86_64-unknown-linux-gnu/5.2.0/../../..] ==> dir [/usr/lib/gcc/x86_64-unknown-linux-gnu/5.2.0/../../..]
    arg [CMakeFiles/cmTryCompileExec1182792447.dir/CMakeCCompilerABI.c.o] ==> ignore
    arg [-lgcc] ==> lib [gcc]
    arg [--as-needed] ==> ignore
    arg [-lgcc_s] ==> lib [gcc_s]
    arg [--no-as-needed] ==> ignore
    arg [-lc] ==> lib [c]
    arg [-lgcc] ==> lib [gcc]
    arg [--as-needed] ==> ignore
    arg [-lgcc_s] ==> lib [gcc_s]
    arg [--no-as-needed] ==> ignore
    arg [/usr/lib/gcc/x86_64-unknown-linux-gnu/5.2.0/crtend.o] ==> ignore
    arg [/usr/lib/gcc/x86_64-unknown-linux-gnu/5.2.0/../../../../lib/crtn.o] ==> ignore
  remove lib [gcc]
  remove lib [gcc_s]
  remove lib [gcc]
  remove lib [gcc_s]
  collapse library dir [/usr/lib/gcc/x86_64-unknown-linux-gnu/5.2.0] ==> [/usr/lib/gcc/x86_64-unknown-linux-gnu/5.2.0]
  collapse library dir [/usr/lib/gcc/x86_64-unknown-linux-gnu/5.2.0/../../../../lib] ==> [/usr/lib]
  collapse library dir [/lib/../lib] ==> [/lib]
  collapse library dir [/usr/lib/../lib] ==> [/usr/lib]
  collapse library dir [/usr/lib/gcc/x86_64-unknown-linux-gnu/5.2.0/../../..] ==> [/usr/lib]
  implicit libs: [c]
  implicit dirs: [/usr/lib/gcc/x86_64-unknown-linux-gnu/5.2.0;/usr/lib;/lib]
  implicit fwks: []




Detecting C [-std=c11] compiler features compiled with the following output:
Change Dir: /home/snow/workspace/SIFT/build/CMakeFiles/CMakeTmp

Run Build Command:"/usr/bin/make" "cmTryCompileExec3014367284/fast"
/usr/bin/make -f CMakeFiles/cmTryCompileExec3014367284.dir/build.make CMakeFiles/cmTryCompileExec3014367284.dir/build
make[1]: Entering directory '/home/snow/workspace/SIFT/build/CMakeFiles/CMakeTmp'
/usr/bin/cmake -E cmake_progress_report /home/snow/workspace/SIFT/build/CMakeFiles/CMakeTmp/CMakeFiles 1
Building C object CMakeFiles/cmTryCompileExec3014367284.dir/feature_tests.c.o
/usr/bin/cc   -std=c11 -o CMakeFiles/cmTryCompileExec3014367284.dir/feature_tests.c.o   -c /home/snow/workspace/SIFT/build/CMakeFiles/feature_tests.c
Linking C executable cmTryCompileExec3014367284
/usr/bin/cmake -E cmake_link_script CMakeFiles/cmTryCompileExec3014367284.dir/link.txt --verbose=1
/usr/bin/cc       CMakeFiles/cmTryCompileExec3014367284.dir/feature_tests.c.o  -o cmTryCompileExec3014367284 -rdynamic 
make[1]: Leaving directory '/home/snow/workspace/SIFT/build/CMakeFiles/CMakeTmp'


    Feature record: C_FEATURE:1c_function_prototypes
    Feature record: C_FEATURE:1c_restrict
    Feature record: C_FEATURE:1c_static_assert
    Feature record: C_FEATURE:1c_variadic_macros


Detecting C [-std=c99] compiler features compiled with the following output:
Change Dir: /home/snow/workspace/SIFT/build/CMakeFiles/CMakeTmp

Run Build Command:"/usr/bin/make" "cmTryCompileExec520554057/fast"
/usr/bin/make -f CMakeFiles/cmTryCompileExec520554057.dir/build.make CMakeFiles/cmTryCompileExec520554057.dir/build
make[1]: Entering directory '/home/snow/workspace/SIFT/build/CMakeFiles/CMakeTmp'
/usr/bin/cmake -E cmake_progress_report /home/snow/workspace/SIFT/build/CMakeFiles/CMakeTmp/CMakeFiles 1
Building C object CMakeFiles/cmTryCompileExec520554057.dir/feature_tests.c.o
/usr/bin/cc   -std=c99 -o CMakeFiles/cmTryCompileExec520554057.dir/feature_tests.c.o   -c /home/snow/workspace/SIFT/build/CMakeFiles/feature_tests.c
Linking C executable cmTryCompileExec520554057
/usr/bin/cmake -E cmake_link_script CMakeFiles/cmTryCompileExec520554057.dir/link.txt --verbose=1
/usr/bin/cc       CMakeFiles/cmTryCompileExec520554057.dir/feature_tests.c.o  -o cmTryCompileExec520554057 -rdynamic 
make[1]: Leaving directory '/home/snow/workspace/SIFT/build/CMakeFiles/CMakeTmp'


    Feature record: C_FEATURE:1c_function_prototypes
    Feature record: C_FEATURE:1c_restrict
    Feature record: C_FEATURE:0c_static_assert
    Feature record: C_FEATURE:1c_variadic_macros


Detecting C [-std=c90] compiler features compiled with the following output:
Change Dir: /home/snow/workspace/SIFT/build/CMakeFiles/CMakeTmp

Run Build Command:"/usr/bin/make" "cmTryCompileExec21630329/fast"
/usr/bin/make -f CMakeFiles/cmTryCompileExec21630329.dir/build.make CMakeFiles/cmTryCompileExec21630329.dir/build
make[1]: Entering directory '/home/snow/workspace/SIFT/build/CMakeFiles/CMakeTmp'
/usr/bin/cmake -E cmake_progress_report /home/snow/workspace/SIFT/build/CMakeFiles/CMakeTmp/CMakeFiles 1
Building C object CMakeFiles/cmTryCompileExec21630329.dir/feature_tests.c.o
/usr/bin/cc   -std=c90 -o CMakeFiles/cmTryCompileExec21630329.dir/feature_tests.c.o   -c /home/snow/workspace/SIFT/build/CMakeFiles/feature_tests.c
Linking C executable cmTryCompileExec21630329
/usr/bin/cmake -E cmake_link_script CMakeFiles/cmTryCompileExec21630329.dir/link.txt --verbose=1
/usr/bin/cc       CMakeFiles/cmTryCompileExec21630329.dir/feature_tests.c.o  -o cmTryCompileExec21630329 -rdynamic 
make[1]: Leaving directory '/home/snow/workspace/SIFT/build/CMakeFiles/CMakeTmp'


    Feature record: C_FEATURE:1c_function_prototypes
    Feature record: C_FEATURE:0c_restrict
    Feature record: C_FEATURE:0c_static_assert
    Feature record: C_FEATURE:0c_variadic_macros
Determining if the CXX compiler works passed with the following output:
Change Dir: /home/snow/workspace/SIFT/build/CMakeFiles/CMakeTmp

Run Build Command:"/usr/bin/make" "cmTryCompileExec3381552377/fast"
/usr/bin/make -f CMakeFiles/cmTryCompileExec3381552377.dir/build.make CMakeFiles/cmTryCompileExec3381552377.dir/build
make[1]: Entering directory '/home/snow/workspace/SIFT/build/CMakeFiles/CMakeTmp'
/usr/bin/cmake -E cmake_progress_report /home/snow/workspace/SIFT/build/CMakeFiles/CMakeTmp/CMakeFiles 1
Building CXX object CMakeFiles/cmTryCompileExec3381552377.dir/testCXXCompiler.cxx.o
/usr/bin/c++     -o CMakeFiles/cmTryCompileExec3381552377.dir/testCXXCompiler.cxx.o -c /home/snow/workspace/SIFT/build/CMakeFiles/CMakeTmp/testCXXCompiler.cxx
Linking CXX executable cmTryCompileExec3381552377
/usr/bin/cmake -E cmake_link_script CMakeFiles/cmTryCompileExec3381552377.dir/link.txt --verbose=1
/usr/bin/c++        CMakeFiles/cmTryCompileExec3381552377.dir/testCXXCompiler.cxx.o  -o cmTryCompileExec3381552377 -rdynamic 
make[1]: Leaving directory '/home/snow/workspace/SIFT/build/CMakeFiles/CMakeTmp'


Detecting CXX compiler ABI info compiled with the following output:
Change Dir: /home/snow/workspace/SIFT/build/CMakeFiles/CMakeTmp

Run Build Command:"/usr/bin/make" "cmTryCompileExec2200009865/fast"
/usr/bin/make -f CMakeFiles/cmTryCompileExec2200009865.dir/build.make CMakeFiles/cmTryCompileExec2200009865.dir/build
make[1]: Entering directory '/home/snow/workspace/SIFT/build/CMakeFiles/CMakeTmp'
/usr/bin/cmake -E cmake_progress_report /home/snow/workspace/SIFT/build/CMakeFiles/CMakeTmp/CMakeFiles 1
Building CXX object CMakeFiles/cmTryCompileExec2200009865.dir/CMakeCXXCompilerABI.cpp.o
/usr/bin/c++     -o CMakeFiles/cmTryCompileExec2200009865.dir/CMakeCXXCompilerABI.cpp.o -c /usr/share/cmake-3.2/Modules/CMakeCXXCompilerABI.cpp
Linking CXX executable cmTryCompileExec2200009865
/usr/bin/cmake -E cmake_link_script CMakeFiles/cmTryCompileExec2200009865.dir/link.txt --verbose=1
/usr/bin/c++       -v CMakeFiles/cmTryCompileExec2200009865.dir/CMakeCXXCompilerABI.cpp.o  -o cmTryCompileExec2200009865 -rdynamic  
Using built-in specs.
COLLECT_GCC=/usr/bin/c++
COLLECT_LTO_WRAPPER=/usr/lib/gcc/x86_64-unknown-linux-gnu/5.2.0/lto-wrapper
Target: x86_64-unknown-linux-gnu
Configured with: /build/gcc-multilib/src/gcc-5.2.0/configure --prefix=/usr --libdir=/usr/lib --libexecdir=/usr/lib --mandir=/usr/share/man --infodir=/usr/share/info --with-bugurl=https://bugs.archlinux.org/ --enable-languages=c,c++,ada,fortran,go,lto,objc,obj-c++ --enable-shared --enable-threads=posix --enable-libmpx --with-system-zlib --with-isl --enable-__cxa_atexit --disable-libunwind-exceptions --enable-clocale=gnu --disable-libstdcxx-pch --disable-libssp --enable-gnu-unique-object --enable-linker-build-id --enable-lto --enable-plugin --enable-install-libiberty --with-linker-hash-style=gnu --enable-gnu-indirect-function --enable-multilib --disable-werror --enable-checking=release --with-default-libstdcxx-abi=gcc4-compatible
Thread model: posix
gcc version 5.2.0 (GCC) 
COMPILER_PATH=/usr/lib/gcc/x86_64-unknown-linux-gnu/5.2.0/:/usr/lib/gcc/x86_64-unknown-linux-gnu/5.2.0/:/usr/lib/gcc/x86_64-unknown-linux-gnu/:/usr/lib/gcc/x86_64-unknown-linux-gnu/5.2.0/:/usr/lib/gcc/x86_64-unknown-linux-gnu/
LIBRARY_PATH=/usr/lib/gcc/x86_64-unknown-linux-gnu/5.2.0/:/usr/lib/gcc/x86_64-unknown-linux-gnu/5.2.0/../../../../lib/:/lib/../lib/:/usr/lib/../lib/:/usr/lib/gcc/x86_64-unknown-linux-gnu/5.2.0/../../../:/lib/:/usr/lib/
COLLECT_GCC_OPTIONS='-v' '-o' 'cmTryCompileExec2200009865' '-rdynamic' '-shared-libgcc' '-mtune=generic' '-march=x86-64'
 /usr/lib/gcc/x86_64-unknown-linux-gnu/5.2.0/collect2 -plugin /usr/lib/gcc/x86_64-unknown-linux-gnu/5.2.0/liblto_plugin.so -plugin-opt=/usr/lib/gcc/x86_64-unknown-linux-gnu/5.2.0/lto-wrapper -plugin-opt=-fresolution=/tmp/ccRlkHt3.res -plugin-opt=-pass-through=-lgcc_s -plugin-opt=-pass-through=-lgcc -plugin-opt=-pass-through=-lc -plugin-opt=-pass-through=-lgcc_s -plugin-opt=-pass-through=-lgcc --build-id --eh-frame-hdr --hash-style=gnu -m elf_x86_64 -export-dynamic -dynamic-linker /lib64/ld-linux-x86-64.so.2 -o cmTryCompileExec2200009865 /usr/lib/gcc/x86_64-unknown-linux-gnu/5.2.0/../../../../lib/crt1.o /usr/lib/gcc/x86_64-unknown-linux-gnu/5.2.0/../../../../lib/crti.o /usr/lib/gcc/x86_64-unknown-linux-gnu/5.2.0/crtbegin.o -L/usr/lib/gcc/x86_64-unknown-linux-gnu/5.2.0 -L/usr/lib/gcc/x86_64-unknown-linux-gnu/5.2.0/../../../../lib -L/lib/../lib -L/usr/lib/../lib -L/usr/lib/gcc/x86_64-unknown-linux-gnu/5.2.0/../../.. CMakeFiles/cmTryCompileExec2200009865.dir/CMakeCXXCompilerABI.cpp.o -lstdc++ -lm -lgcc_s -lgcc -lc -lgcc_s -lgcc /usr/lib/gcc/x86_64-unknown-linux-gnu/5.2.0/crtend.o /usr/lib/gcc/x86_64-unknown-linux-gnu/5.2.0/../../../../lib/crtn.o
make[1]: Leaving directory '/home/snow/workspace/SIFT/build/CMakeFiles/CMakeTmp'


Parsed CXX implicit link information from above output:
  link line regex: [^( *|.*[/\])(ld|([^/\]+-)?ld|collect2)[^/\]*( |$)]
  ignore line: [Change Dir: /home/snow/workspace/SIFT/build/CMakeFiles/CMakeTmp]
  ignore line: []
  ignore line: [Run Build Command:"/usr/bin/make" "cmTryCompileExec2200009865/fast"]
  ignore line: [/usr/bin/make -f CMakeFiles/cmTryCompileExec2200009865.dir/build.make CMakeFiles/cmTryCompileExec2200009865.dir/build]
  ignore line: [make[1]: Entering directory '/home/snow/workspace/SIFT/build/CMakeFiles/CMakeTmp']
  ignore line: [/usr/bin/cmake -E cmake_progress_report /home/snow/workspace/SIFT/build/CMakeFiles/CMakeTmp/CMakeFiles 1]
  ignore line: [Building CXX object CMakeFiles/cmTryCompileExec2200009865.dir/CMakeCXXCompilerABI.cpp.o]
  ignore line: [/usr/bin/c++     -o CMakeFiles/cmTryCompileExec2200009865.dir/CMakeCXXCompilerABI.cpp.o -c /usr/share/cmake-3.2/Modules/CMakeCXXCompilerABI.cpp]
  ignore line: [Linking CXX executable cmTryCompileExec2200009865]
  ignore line: [/usr/bin/cmake -E cmake_link_script CMakeFiles/cmTryCompileExec2200009865.dir/link.txt --verbose=1]
  ignore line: [/usr/bin/c++       -v CMakeFiles/cmTryCompileExec2200009865.dir/CMakeCXXCompilerABI.cpp.o  -o cmTryCompileExec2200009865 -rdynamic  ]
  ignore line: [Using built-in specs.]
  ignore line: [COLLECT_GCC=/usr/bin/c++]
  ignore line: [COLLECT_LTO_WRAPPER=/usr/lib/gcc/x86_64-unknown-linux-gnu/5.2.0/lto-wrapper]
  ignore line: [Target: x86_64-unknown-linux-gnu]
  ignore line: [Configured with: /build/gcc-multilib/src/gcc-5.2.0/configure --prefix=/usr --libdir=/usr/lib --libexecdir=/usr/lib --mandir=/usr/share/man --infodir=/usr/share/info --with-bugurl=https://bugs.archlinux.org/ --enable-languages=c,c++,ada,fortran,go,lto,objc,obj-c++ --enable-shared --enable-threads=posix --enable-libmpx --with-system-zlib --with-isl --enable-__cxa_atexit --disable-libunwind-exceptions --enable-clocale=gnu --disable-libstdcxx-pch --disable-libssp --enable-gnu-unique-object --enable-linker-build-id --enable-lto --enable-plugin --enable-install-libiberty --with-linker-hash-style=gnu --enable-gnu-indirect-function --enable-multilib --disable-werror --enable-checking=release --with-default-libstdcxx-abi=gcc4-compatible]
  ignore line: [Thread model: posix]
  ignore line: [gcc version 5.2.0 (GCC) ]
  ignore line: [COMPILER_PATH=/usr/lib/gcc/x86_64-unknown-linux-gnu/5.2.0/:/usr/lib/gcc/x86_64-unknown-linux-gnu/5.2.0/:/usr/lib/gcc/x86_64-unknown-linux-gnu/:/usr/lib/gcc/x86_64-unknown-linux-gnu/5.2.0/:/usr/lib/gcc/x86_64-unknown-linux-gnu/]
  ignore line: [LIBRARY_PATH=/usr/lib/gcc/x86_64-unknown-linux-gnu/5.2.0/:/usr/lib/gcc/x86_64-unknown-linux-gnu/5.2.0/../../../../lib/:/lib/../lib/:/usr/lib/../lib/:/usr/lib/gcc/x86_64-unknown-linux-gnu/5.2.0/../../../:/lib/:/usr/lib/]
  ignore line: [COLLECT_GCC_OPTIONS='-v' '-o' 'cmTryCompileExec2200009865' '-rdynamic' '-shared-libgcc' '-mtune=generic' '-march=x86-64']
  link line: [ /usr/lib/gcc/x86_64-unknown-linux-gnu/5.2.0/collect2 -plugin /usr/lib/gcc/x86_64-unknown-linux-gnu/5.2.0/liblto_plugin.so -plugin-opt=/usr/lib/gcc/x86_64-unknown-linux-gnu/5.2.0/lto-wrapper -plugin-opt=-fresolution=/tmp/ccRlkHt3.res -plugin-opt=-pass-through=-lgcc_s -plugin-opt=-pass-through=-lgcc -plugin-opt=-pass-through=-lc -plugin-opt=-pass-through=-lgcc_s -plugin-opt=-pass-through=-lgcc --build-id --eh-frame-hdr --hash-style=gnu -m elf_x86_64 -export-dynamic -dynamic-linker /lib64/ld-linux-x86-64.so.2 -o cmTryCompileExec2200009865 /usr/lib/gcc/x86_64-unknown-linux-gnu/5.2.0/../../../../lib/crt1.o /usr/lib/gcc/x86_64-unknown-linux-gnu/5.2.0/../../../../lib/crti.o /usr/lib/gcc/x86_64-unknown-linux-gnu/5.2.0/crtbegin.o -L/usr/lib/gcc/x86_64-unknown-linux-gnu/5.2.0 -L/usr/lib/gcc/x86_64-unknown-linux-gnu/5.2.0/../../../../lib -L/lib/../lib -L/usr/lib/../lib -L/usr/lib/gcc/x86_64-unknown-linux-gnu/5.2.0/../../.. CMakeFiles/cmTryCompileExec2200009865.dir/CMakeCXXCompilerABI.cpp.o -lstdc++ -lm -lgcc_s -lgcc -lc -lgcc_s -lgcc /usr/lib/gcc/x86_64-unknown-linux-gnu/5.2.0/crtend.o /usr/lib/gcc/x86_64-unknown-linux-gnu/5.2.0/../../../../lib/crtn.o]
    arg [/usr/lib/gcc/x86_64-unknown-linux-gnu/5.2.0/collect2] ==> ignore
    arg [-plugin] ==> ignore
    arg [/usr/lib/gcc/x86_64-unknown-linux-gnu/5.2.0/liblto_plugin.so] ==> ignore
    arg [-plugin-opt=/usr/lib/gcc/x86_64-unknown-linux-gnu/5.2.0/lto-wrapper] ==> ignore
    arg [-plugin-opt=-fresolution=/tmp/ccRlkHt3.res] ==> ignore
    arg [-plugin-opt=-pass-through=-lgcc_s] ==> ignore
    arg [-plugin-opt=-pass-through=-lgcc] ==> ignore
    arg [-plugin-opt=-pass-through=-lc] ==> ignore
    arg [-plugin-opt=-pass-through=-lgcc_s] ==> ignore
    arg [-plugin-opt=-pass-through=-lgcc] ==> ignore
    arg [--build-id] ==> ignore
    arg [--eh-frame-hdr] ==> ignore
    arg [--hash-style=gnu] ==> ignore
    arg [-m] ==> ignore
    arg [elf_x86_64] ==> ignore
    arg [-export-dynamic] ==> ignore
    arg [-dynamic-linker] ==> ignore
    arg [/lib64/ld-linux-x86-64.so.2] ==> ignore
    arg [-o] ==> ignore
    arg [cmTryCompileExec2200009865] ==> ignore
    arg [/usr/lib/gcc/x86_64-unknown-linux-gnu/5.2.0/../../../../lib/crt1.o] ==> ignore
    arg [/usr/lib/gcc/x86_64-unknown-linux-gnu/5.2.0/../../../../lib/crti.o] ==> ignore
    arg [/usr/lib/gcc/x86_64-unknown-linux-gnu/5.2.0/crtbegin.o] ==> ignore
    arg [-L/usr/lib/gcc/x86_64-unknown-linux-gnu/5.2.0] ==> dir [/usr/lib/gcc/x86_64-unknown-linux-gnu/5.2.0]
    arg [-L/usr/lib/gcc/x86_64-unknown-linux-gnu/5.2.0/../../../../lib] ==> dir [/usr/lib/gcc/x86_64-unknown-linux-gnu/5.2.0/../../../../lib]
    arg [-L/lib/../lib] ==> dir [/lib/../lib]
    arg [-L/usr/lib/../lib] ==> dir [/usr/lib/../lib]
    arg [-L/usr/lib/gcc/x86_64-unknown-linux-gnu/5.2.0/../../..] ==> dir [/usr/lib/gcc/x86_64-unknown-linux-gnu/5.2.0/../../..]
    arg [CMakeFiles/cmTryCompileExec2200009865.dir/CMakeCXXCompilerABI.cpp.o] ==> ignore
    arg [-lstdc++] ==> lib [stdc++]
    arg [-lm] ==> lib [m]
    arg [-lgcc_s] ==> lib [gcc_s]
    arg [-lgcc] ==> lib [gcc]
    arg [-lc] ==> lib [c]
    arg [-lgcc_s] ==> lib [gcc_s]
    arg [-lgcc] ==> lib [gcc]
    arg [/usr/lib/gcc/x86_64-unknown-linux-gnu/5.2.0/crtend.o] ==> ignore
    arg [/usr/lib/gcc/x86_64-unknown-linux-gnu/5.2.0/../../../../lib/crtn.o] ==> ignore
  remove lib [gcc_s]
  remove lib [gcc]
  remove lib [gcc_s]
  remove lib [gcc]
  collapse library dir [/usr/lib/gcc/x86_64-unknown-linux-gnu/5.2.0] ==> [/usr/lib/gcc/x86_64-unknown-linux-gnu/5.2.0]
  collapse library dir [/usr/lib/gcc/x86_64-unknown-linux-gnu/5.2.0/../../../../lib] ==> [/usr/lib]
  collapse library dir [/lib/../lib] ==> [/lib]
  collapse library dir [/usr/lib/../lib] ==> [/usr/lib]
  collapse library dir [/usr/lib/gcc/x86_64-unknown-linux-gnu/5.2.0/../../..] ==> [/usr/lib]
  implicit libs: [stdc++;m;c]
  implicit dirs: [/usr/lib/gcc/x86_64-unknown-linux-gnu/5.2.0;/usr/lib;/lib]
  implicit fwks: []




Detecting CXX [-std=c++14] compiler features compiled with the following output:
Change Dir: /home/snow/workspace/SIFT/build/CMakeFiles/CMakeTmp

Run Build Command:"/usr/bin/make" "cmTryCompileExec1934801288/fast"
/usr/bin/make -f CMakeFiles/cmTryCompileExec1934801288.dir/build.make CMakeFiles/cmTryCompileExec1934801288.dir/build
make[1]: Entering directory '/home/snow/workspace/SIFT/build/CMakeFiles/CMakeTmp'
/usr/bin/cmake -E cmake_progress_report /home/snow/workspace/SIFT/build/CMakeFiles/CMakeTmp/CMakeFiles 1
Building CXX object CMakeFiles/cmTryCompileExec1934801288.dir/feature_tests.cxx.o
/usr/bin/c++    -std=c++14 -o CMakeFiles/cmTryCompileExec1934801288.dir/feature_tests.cxx.o -c /home/snow/workspace/SIFT/build/CMakeFiles/feature_tests.cxx
Linking CXX executable cmTryCompileExec1934801288
/usr/bin/cmake -E cmake_link_script CMakeFiles/cmTryCompileExec1934801288.dir/link.txt --verbose=1
/usr/bin/c++        CMakeFiles/cmTryCompileExec1934801288.dir/feature_tests.cxx.o  -o cmTryCompileExec1934801288 -rdynamic 
make[1]: Leaving directory '/home/snow/workspace/SIFT/build/CMakeFiles/CMakeTmp'


    Feature record: CXX_FEATURE:1cxx_aggregate_default_initializers
    Feature record: CXX_FEATURE:1cxx_alias_templates
    Feature record: CXX_FEATURE:1cxx_alignas
    Feature record: CXX_FEATURE:1cxx_alignof
    Feature record: CXX_FEATURE:1cxx_attributes
    Feature record: CXX_FEATURE:1cxx_attribute_deprecated
    Feature record: CXX_FEATURE:1cxx_auto_type
    Feature record: CXX_FEATURE:1cxx_binary_literals
    Feature record: CXX_FEATURE:1cxx_constexpr
    Feature record: CXX_FEATURE:1cxx_contextual_conversions
    Feature record: CXX_FEATURE:1cxx_decltype
    Feature record: CXX_FEATURE:1cxx_decltype_auto
    Feature record: CXX_FEATURE:1cxx_decltype_incomplete_return_types
    Feature record: CXX_FEATURE:1cxx_default_function_template_args
    Feature record: CXX_FEATURE:1cxx_defaulted_functions
    Feature record: CXX_FEATURE:1cxx_defaulted_move_initializers
    Feature record: CXX_FEATURE:1cxx_delegating_constructors
    Feature record: CXX_FEATURE:1cxx_deleted_functions
    Feature record: CXX_FEATURE:1cxx_digit_separators
    Feature record: CXX_FEATURE:1cxx_enum_forward_declarations
    Feature record: CXX_FEATURE:1cxx_explicit_conversions
    Feature record: CXX_FEATURE:1cxx_extended_friend_declarations
    Feature record: CXX_FEATURE:1cxx_extern_templates
    Feature record: CXX_FEATURE:1cxx_final
    Feature record: CXX_FEATURE:1cxx_func_identifier
    Feature record: CXX_FEATURE:1cxx_generalized_initializers
    Feature record: CXX_FEATURE:1cxx_generic_lambdas
    Feature record: CXX_FEATURE:1cxx_inheriting_constructors
    Feature record: CXX_FEATURE:1cxx_inline_namespaces
    Feature record: CXX_FEATURE:1cxx_lambdas
    Feature record: CXX_FEATURE:1cxx_lambda_init_captures
    Feature record: CXX_FEATURE:1cxx_local_type_template_args
    Feature record: CXX_FEATURE:1cxx_long_long_type
    Feature record: CXX_FEATURE:1cxx_noexcept
    Feature record: CXX_FEATURE:1cxx_nonstatic_member_init
    Feature record: CXX_FEATURE:1cxx_nullptr
    Feature record: CXX_FEATURE:1cxx_override
    Feature record: CXX_FEATURE:1cxx_range_for
    Feature record: CXX_FEATURE:1cxx_raw_string_literals
    Feature record: CXX_FEATURE:1cxx_reference_qualified_functions
    Feature record: CXX_FEATURE:1cxx_relaxed_constexpr
    Feature record: CXX_FEATURE:1cxx_return_type_deduction
    Feature record: CXX_FEATURE:1cxx_right_angle_brackets
    Feature record: CXX_FEATURE:1cxx_rvalue_references
    Feature record: CXX_FEATURE:1cxx_sizeof_member
    Feature record: CXX_FEATURE:1cxx_static_assert
    Feature record: CXX_FEATURE:1cxx_strong_enums
    Feature record: CXX_FEATURE:1cxx_template_template_parameters
    Feature record: CXX_FEATURE:1cxx_thread_local
    Feature record: CXX_FEATURE:1cxx_trailing_return_types
    Feature record: CXX_FEATURE:1cxx_unicode_literals
    Feature record: CXX_FEATURE:1cxx_uniform_initialization
    Feature record: CXX_FEATURE:1cxx_unrestricted_unions
    Feature record: CXX_FEATURE:1cxx_user_literals
    Feature record: CXX_FEATURE:1cxx_variable_templates
    Feature record: CXX_FEATURE:1cxx_variadic_macros
    Feature record: CXX_FEATURE:1cxx_variadic_templates


Detecting CXX [-std=c++11] compiler features compiled with the following output:
Change Dir: /home/snow/workspace/SIFT/build/CMakeFiles/CMakeTmp

Run Build Command:"/usr/bin/make" "cmTryCompileExec1005447555/fast"
/usr/bin/make -f CMakeFiles/cmTryCompileExec1005447555.dir/build.make CMakeFiles/cmTryCompileExec1005447555.dir/build
make[1]: Entering directory '/home/snow/workspace/SIFT/build/CMakeFiles/CMakeTmp'
/usr/bin/cmake -E cmake_progress_report /home/snow/workspace/SIFT/build/CMakeFiles/CMakeTmp/CMakeFiles 1
Building CXX object CMakeFiles/cmTryCompileExec1005447555.dir/feature_tests.cxx.o
/usr/bin/c++    -std=c++11 -o CMakeFiles/cmTryCompileExec1005447555.dir/feature_tests.cxx.o -c /home/snow/workspace/SIFT/build/CMakeFiles/feature_tests.cxx
Linking CXX executable cmTryCompileExec1005447555
/usr/bin/cmake -E cmake_link_script CMakeFiles/cmTryCompileExec1005447555.dir/link.txt --verbose=1
/usr/bin/c++        CMakeFiles/cmTryCompileExec1005447555.dir/feature_tests.cxx.o  -o cmTryCompileExec1005447555 -rdynamic 
make[1]: Leaving directory '/home/snow/workspace/SIFT/build/CMakeFiles/CMakeTmp'


    Feature record: CXX_FEATURE:0cxx_aggregate_default_initializers
    Feature record: CXX_FEATURE:1cxx_alias_templates
    Feature record: CXX_FEATURE:1cxx_alignas
    Feature record: CXX_FEATURE:1cxx_alignof
    Feature record: CXX_FEATURE:1cxx_attributes
    Feature record: CXX_FEATURE:0cxx_attribute_deprecated
    Feature record: CXX_FEATURE:1cxx_auto_type
    Feature record: CXX_FEATURE:0cxx_binary_literals
    Feature record: CXX_FEATURE:1cxx_constexpr
    Feature record: CXX_FEATURE:0cxx_contextual_conversions
    Feature record: CXX_FEATURE:1cxx_decltype
    Feature record: CXX_FEATURE:0cxx_decltype_auto
    Feature record: CXX_FEATURE:1cxx_decltype_incomplete_return_types
    Feature record: CXX_FEATURE:1cxx_default_function_template_args
    Feature record: CXX_FEATURE:1cxx_defaulted_functions
    Feature record: CXX_FEATURE:1cxx_defaulted_move_initializers
    Feature record: CXX_FEATURE:1cxx_delegating_constructors
    Feature record: CXX_FEATURE:1cxx_deleted_functions
    Feature record: CXX_FEATURE:0cxx_digit_separators
    Feature record: CXX_FEATURE:1cxx_enum_forward_declarations
    Feature record: CXX_FEATURE:1cxx_explicit_conversions
    Feature record: CXX_FEATURE:1cxx_extended_friend_declarations
    Feature record: CXX_FEATURE:1cxx_extern_templates
    Feature record: CXX_FEATURE:1cxx_final
    Feature record: CXX_FEATURE:1cxx_func_identifier
    Feature record: CXX_FEATURE:1cxx_generalized_initializers
    Feature record: CXX_FEATURE:0cxx_generic_lambdas
    Feature record: CXX_FEATURE:1cxx_inheriting_constructors
    Feature record: CXX_FEATURE:1cxx_inline_namespaces
    Feature record: CXX_FEATURE:1cxx_lambdas
    Feature record: CXX_FEATURE:0cxx_lambda_init_captures
    Feature record: CXX_FEATURE:1cxx_local_type_template_args
    Feature record: CXX_FEATURE:1cxx_long_long_type
    Feature record: CXX_FEATURE:1cxx_noexcept
    Feature record: CXX_FEATURE:1cxx_nonstatic_member_init
    Feature record: CXX_FEATURE:1cxx_nullptr
    Feature record: CXX_FEATURE:1cxx_override
    Feature record: CXX_FEATURE:1cxx_range_for
    Feature record: CXX_FEATURE:1cxx_raw_string_literals
    Feature record: CXX_FEATURE:1cxx_reference_qualified_functions
    Feature record: CXX_FEATURE:0cxx_relaxed_constexpr
    Feature record: CXX_FEATURE:0cxx_return_type_deduction
    Feature record: CXX_FEATURE:1cxx_right_angle_brackets
    Feature record: CXX_FEATURE:1cxx_rvalue_references
    Feature record: CXX_FEATURE:1cxx_sizeof_member
    Feature record: CXX_FEATURE:1cxx_static_assert
    Feature record: CXX_FEATURE:1cxx_strong_enums
    Feature record: CXX_FEATURE:1cxx_template_template_parameters
    Feature record: CXX_FEATURE:1cxx_thread_local
    Feature record: CXX_FEATURE:1cxx_trailing_return_types
    Feature record: CXX_FEATURE:1cxx_unicode_literals
    Feature record: CXX_FEATURE:1cxx_uniform_initialization
    Feature record: CXX_FEATURE:1cxx_unrestricted_unions
    Feature record: CXX_FEATURE:1cxx_user_literals
    Feature record: CXX_FEATURE:0cxx_variable_templates
    Feature record: CXX_FEATURE:1cxx_variadic_macros
    Feature record: CXX_FEATURE:1cxx_variadic_templates


Detecting CXX [-std=c++98] compiler features compiled with the following output:
Change Dir: /home/snow/workspace/SIFT/build/CMakeFiles/CMakeTmp

Run Build Command:"/usr/bin/make" "cmTryCompileExec992421666/fast"
/usr/bin/make -f CMakeFiles/cmTryCompileExec992421666.dir/build.make CMakeFiles/cmTryCompileExec992421666.dir/build
make[1]: Entering directory '/home/snow/workspace/SIFT/build/CMakeFiles/CMakeTmp'
/usr/bin/cmake -E cmake_progress_report /home/snow/workspace/SIFT/build/CMakeFiles/CMakeTmp/CMakeFiles 1
Building CXX object CMakeFiles/cmTryCompileExec992421666.dir/feature_tests.cxx.o
/usr/bin/c++    -std=c++98 -o CMakeFiles/cmTryCompileExec992421666.dir/feature_tests.cxx.o -c /home/snow/workspace/SIFT/build/CMakeFiles/feature_tests.cxx
Linking CXX executable cmTryCompileExec992421666
/usr/bin/cmake -E cmake_link_script CMakeFiles/cmTryCompileExec992421666.dir/link.txt --verbose=1
/usr/bin/c++        CMakeFiles/cmTryCompileExec992421666.dir/feature_tests.cxx.o  -o cmTryCompileExec992421666 -rdynamic 
make[1]: Leaving directory '/home/snow/workspace/SIFT/build/CMakeFiles/CMakeTmp'


    Feature record: CXX_FEATURE:0cxx_aggregate_default_initializers
    Feature record: CXX_FEATURE:0cxx_alias_templates
    Feature record: CXX_FEATURE:0cxx_alignas
    Feature record: CXX_FEATURE:0cxx_alignof
    Feature record: CXX_FEATURE:0cxx_attributes
    Feature record: CXX_FEATURE:0cxx_attribute_deprecated
    Feature record: CXX_FEATURE:0cxx_auto_type
    Feature record: CXX_FEATURE:0cxx_binary_literals
    Feature record: CXX_FEATURE:0cxx_constexpr
    Feature record: CXX_FEATURE:0cxx_contextual_conversions
    Feature record: CXX_FEATURE:0cxx_decltype
    Feature record: CXX_FEATURE:0cxx_decltype_auto
    Feature record: CXX_FEATURE:0cxx_decltype_incomplete_return_types
    Feature record: CXX_FEATURE:0cxx_default_function_template_args
    Feature record: CXX_FEATURE:0cxx_defaulted_functions
    Feature record: CXX_FEATURE:0cxx_defaulted_move_initializers
    Feature record: CXX_FEATURE:0cxx_delegating_constructors
    Feature record: CXX_FEATURE:0cxx_deleted_functions
    Feature record: CXX_FEATURE:0cxx_digit_separators
    Feature record: CXX_FEATURE:0cxx_enum_forward_declarations
    Feature record: CXX_FEATURE:0cxx_explicit_conversions
    Feature record: CXX_FEATURE:0cxx_extended_friend_declarations
    Feature record: CXX_FEATURE:0cxx_extern_templates
    Feature record: CXX_FEATURE:0cxx_final
    Feature record: CXX_FEATURE:0cxx_func_identifier
    Feature record: CXX_FEATURE:0cxx_generalized_initializers
    Feature record: CXX_FEATURE:0cxx_generic_lambdas
    Feature record: CXX_FEATURE:0cxx_inheriting_constructors
    Feature record: CXX_FEATURE:0cxx_inline_namespaces
    Feature record: CXX_FEATURE:0cxx_lambdas
    Feature record: CXX_FEATURE:0cxx_lambda_init_captures
    Feature record: CXX_FEATURE:0cxx_local_type_template_args
    Feature record: CXX_FEATURE:0cxx_long_long_type
    Feature record: CXX_FEATURE:0cxx_noexcept
    Feature record: CXX_FEATURE:0cxx_nonstatic_member_init
    Feature record: CXX_FEATURE:0cxx_nullptr
    Feature record: CXX_FEATURE:0cxx_override
    Feature record: CXX_FEATURE:0cxx_range_for
    Feature record: CXX_FEATURE:0cxx_raw_string_literals
    Feature record: CXX_FEATURE:0cxx_reference_qualified_functions
    Feature record: CXX_FEATURE:0cxx_relaxed_constexpr
    Feature record: CXX_FEATURE:0cxx_return_type_deduction
    Feature record: CXX_FEATURE:0cxx_right_angle_brackets
    Feature record: CXX_FEATURE:0cxx_rvalue_references
    Feature record: CXX_FEATURE:0cxx_sizeof_member
    Feature record: CXX_FEATURE:0cxx_static_assert
    Feature record: CXX_FEATURE:0cxx_strong_enums
    Feature record: CXX_FEATURE:1cxx_template_template_parameters
    Feature record: CXX_FEATURE:0cxx_thread_local
    Feature record: CXX_FEATURE:0cxx_trailing_return_types
    Feature record: CXX_FEATURE:0cxx_unicode_literals
    Feature record: CXX_FEATURE:0cxx_uniform_initialization
    Feature record: CXX_FEATURE:0cxx_unrestricted_unions
    Feature record: CXX_FEATURE:0cxx_user_literals
    Feature record: CXX_FEATURE:0cxx_variable_templates
    Feature record: CXX_FEATURE:0cxx_variadic_macros
    Feature record: CXX_FEATURE:0cxx_variadic_templates
The system is: Linux - 4.1.4-1-MANJARO - x86_64
Compiling the C compiler identification source file "CMakeCCompilerId.c" succeeded.
Compiler: /usr/bin/cc 
Build flags: 
Id flags: 

The output was:
0


Compilation of the C compiler identification source "CMakeCCompilerId.c" produced "a.out"

The C compiler identification is GNU, found in "/home/snow/workspace/SIFT/build/CMakeFiles/3.3.0/CompilerIdC/a.out"

Compiling the CXX compiler identification source file "CMakeCXXCompilerId.cpp" succeeded.
Compiler: /usr/bin/c++ 
Build flags: 
Id flags: 

The output was:
0


Compilation of the CXX compiler identification source "CMakeCXXCompilerId.cpp" produced "a.out"

The CXX compiler identification is GNU, found in "/home/snow/workspace/SIFT/build/CMakeFiles/3.3.0/CompilerIdCXX/a.out"

Determining if the C compiler works passed with the following output:
Change Dir: /home/snow/workspace/SIFT/build/CMakeFiles/CMakeTmp

Run Build Command:"/usr/bin/make" "cmTC_6a5ca/fast"
make[1]: Entering directory '/home/snow/workspace/SIFT/build/CMakeFiles/CMakeTmp'
/usr/bin/make -f CMakeFiles/cmTC_6a5ca.dir/build.make CMakeFiles/cmTC_6a5ca.dir/build
make[2]: Entering directory '/home/snow/workspace/SIFT/build/CMakeFiles/CMakeTmp'
Building C object CMakeFiles/cmTC_6a5ca.dir/testCCompiler.c.o
/usr/bin/cc    -o CMakeFiles/cmTC_6a5ca.dir/testCCompiler.c.o   -c /home/snow/workspace/SIFT/build/CMakeFiles/CMakeTmp/testCCompiler.c
Linking C executable cmTC_6a5ca
/usr/bin/cmake -E cmake_link_script CMakeFiles/cmTC_6a5ca.dir/link.txt --verbose=1
/usr/bin/cc       CMakeFiles/cmTC_6a5ca.dir/testCCompiler.c.o  -o cmTC_6a5ca -rdynamic 
make[2]: Leaving directory '/home/snow/workspace/SIFT/build/CMakeFiles/CMakeTmp'
make[1]: Leaving directory '/home/snow/workspace/SIFT/build/CMakeFiles/CMakeTmp'


Detecting C compiler ABI info compiled with the following output:
Change Dir: /home/snow/workspace/SIFT/build/CMakeFiles/CMakeTmp

Run Build Command:"/usr/bin/make" "cmTC_808c7/fast"
make[1]: Entering directory '/home/snow/workspace/SIFT/build/CMakeFiles/CMakeTmp'
/usr/bin/make -f CMakeFiles/cmTC_808c7.dir/build.make CMakeFiles/cmTC_808c7.dir/build
make[2]: Entering directory '/home/snow/workspace/SIFT/build/CMakeFiles/CMakeTmp'
Building C object CMakeFiles/cmTC_808c7.dir/CMakeCCompilerABI.c.o
/usr/bin/cc    -o CMakeFiles/cmTC_808c7.dir/CMakeCCompilerABI.c.o   -c /usr/share/cmake-3.3/Modules/CMakeCCompilerABI.c
Linking C executable cmTC_808c7
/usr/bin/cmake -E cmake_link_script CMakeFiles/cmTC_808c7.dir/link.txt --verbose=1
/usr/bin/cc      -v CMakeFiles/cmTC_808c7.dir/CMakeCCompilerABI.c.o  -o cmTC_808c7 -rdynamic  
Using built-in specs.
COLLECT_GCC=/usr/bin/cc
COLLECT_LTO_WRAPPER=/usr/lib/gcc/x86_64-unknown-linux-gnu/5.2.0/lto-wrapper
Target: x86_64-unknown-linux-gnu
Configured with: /build/gcc-multilib/src/gcc-5.2.0/configure --prefix=/usr --libdir=/usr/lib --libexecdir=/usr/lib --mandir=/usr/share/man --infodir=/usr/share/info --with-bugurl=https://bugs.archlinux.org/ --enable-languages=c,c++,ada,fortran,go,lto,objc,obj-c++ --enable-shared --enable-threads=posix --enable-libmpx --with-system-zlib --with-isl --enable-__cxa_atexit --disable-libunwind-exceptions --enable-clocale=gnu --disable-libstdcxx-pch --disable-libssp --enable-gnu-unique-object --enable-linker-build-id --enable-lto --enable-plugin --enable-install-libiberty --with-linker-hash-style=gnu --enable-gnu-indirect-function --enable-multilib --disable-werror --enable-checking=release --with-default-libstdcxx-abi=gcc4-compatible
Thread model: posix
gcc version 5.2.0 (GCC) 
COMPILER_PATH=/usr/lib/gcc/x86_64-unknown-linux-gnu/5.2.0/:/usr/lib/gcc/x86_64-unknown-linux-gnu/5.2.0/:/usr/lib/gcc/x86_64-unknown-linux-gnu/:/usr/lib/gcc/x86_64-unknown-linux-gnu/5.2.0/:/usr/lib/gcc/x86_64-unknown-linux-gnu/
LIBRARY_PATH=/usr/lib/gcc/x86_64-unknown-linux-gnu/5.2.0/:/usr/lib/gcc/x86_64-unknown-linux-gnu/5.2.0/../../../../lib/:/lib/../lib/:/usr/lib/../lib/:/usr/lib/gcc/x86_64-unknown-linux-gnu/5.2.0/../../../:/lib/:/usr/lib/
COLLECT_GCC_OPTIONS='-v' '-o' 'cmTC_808c7' '-rdynamic' '-mtune=generic' '-march=x86-64'
 /usr/lib/gcc/x86_64-unknown-linux-gnu/5.2.0/collect2 -plugin /usr/lib/gcc/x86_64-unknown-linux-gnu/5.2.0/liblto_plugin.so -plugin-opt=/usr/lib/gcc/x86_64-unknown-linux-gnu/5.2.0/lto-wrapper -plugin-opt=-fresolution=/tmp/ccVjAlZK.res -plugin-opt=-pass-through=-lgcc -plugin-opt=-pass-through=-lgcc_s -plugin-opt=-pass-through=-lc -plugin-opt=-pass-through=-lgcc -plugin-opt=-pass-through=-lgcc_s --build-id --eh-frame-hdr --hash-style=gnu -m elf_x86_64 -export-dynamic -dynamic-linker /lib64/ld-linux-x86-64.so.2 -o cmTC_808c7 /usr/lib/gcc/x86_64-unknown-linux-gnu/5.2.0/../../../../lib/crt1.o /usr/lib/gcc/x86_64-unknown-linux-gnu/5.2.0/../../../../lib/crti.o /usr/lib/gcc/x86_64-unknown-linux-gnu/5.2.0/crtbegin.o -L/usr/lib/gcc/x86_64-unknown-linux-gnu/5.2.0 -L/usr/lib/gcc/x86_64-unknown-linux-gnu/5.2.0/../../../../lib -L/lib/../lib -L/usr/lib/../lib -L/usr/lib/gcc/x86_64-unknown-linux-gnu/5.2.0/../../.. CMakeFiles/cmTC_808c7.dir/CMakeCCompilerABI.c.o -lgcc --as-needed -lgcc_s --no-as-needed -lc -lgcc --as-needed -lgcc_s --no-as-needed /usr/lib/gcc/x86_64-unknown-linux-gnu/5.2.0/crtend.o /usr/lib/gcc/x86_64-unknown-linux-gnu/5.2.0/../../../../lib/crtn.o
make[2]: Leaving directory '/home/snow/workspace/SIFT/build/CMakeFiles/CMakeTmp'
make[1]: Leaving directory '/home/snow/workspace/SIFT/build/CMakeFiles/CMakeTmp'


Parsed C implicit link information from above output:
  link line regex: [^( *|.*[/\])(ld|([^/\]+-)?ld|collect2)[^/\]*( |$)]
  ignore line: [Change Dir: /home/snow/workspace/SIFT/build/CMakeFiles/CMakeTmp]
  ignore line: []
  ignore line: [Run Build Command:"/usr/bin/make" "cmTC_808c7/fast"]
  ignore line: [make[1]: Entering directory '/home/snow/workspace/SIFT/build/CMakeFiles/CMakeTmp']
  ignore line: [/usr/bin/make -f CMakeFiles/cmTC_808c7.dir/build.make CMakeFiles/cmTC_808c7.dir/build]
  ignore line: [make[2]: Entering directory '/home/snow/workspace/SIFT/build/CMakeFiles/CMakeTmp']
  ignore line: [Building C object CMakeFiles/cmTC_808c7.dir/CMakeCCompilerABI.c.o]
  ignore line: [/usr/bin/cc    -o CMakeFiles/cmTC_808c7.dir/CMakeCCompilerABI.c.o   -c /usr/share/cmake-3.3/Modules/CMakeCCompilerABI.c]
  ignore line: [Linking C executable cmTC_808c7]
  ignore line: [/usr/bin/cmake -E cmake_link_script CMakeFiles/cmTC_808c7.dir/link.txt --verbose=1]
  ignore line: [/usr/bin/cc      -v CMakeFiles/cmTC_808c7.dir/CMakeCCompilerABI.c.o  -o cmTC_808c7 -rdynamic  ]
  ignore line: [Using built-in specs.]
  ignore line: [COLLECT_GCC=/usr/bin/cc]
  ignore line: [COLLECT_LTO_WRAPPER=/usr/lib/gcc/x86_64-unknown-linux-gnu/5.2.0/lto-wrapper]
  ignore line: [Target: x86_64-unknown-linux-gnu]
  ignore line: [Configured with: /build/gcc-multilib/src/gcc-5.2.0/configure --prefix=/usr --libdir=/usr/lib --libexecdir=/usr/lib --mandir=/usr/share/man --infodir=/usr/share/info --with-bugurl=https://bugs.archlinux.org/ --enable-languages=c,c++,ada,fortran,go,lto,objc,obj-c++ --enable-shared --enable-threads=posix --enable-libmpx --with-system-zlib --with-isl --enable-__cxa_atexit --disable-libunwind-exceptions --enable-clocale=gnu --disable-libstdcxx-pch --disable-libssp --enable-gnu-unique-object --enable-linker-build-id --enable-lto --enable-plugin --enable-install-libiberty --with-linker-hash-style=gnu --enable-gnu-indirect-function --enable-multilib --disable-werror --enable-checking=release --with-default-libstdcxx-abi=gcc4-compatible]
  ignore line: [Thread model: posix]
  ignore line: [gcc version 5.2.0 (GCC) ]
  ignore line: [COMPILER_PATH=/usr/lib/gcc/x86_64-unknown-linux-gnu/5.2.0/:/usr/lib/gcc/x86_64-unknown-linux-gnu/5.2.0/:/usr/lib/gcc/x86_64-unknown-linux-gnu/:/usr/lib/gcc/x86_64-unknown-linux-gnu/5.2.0/:/usr/lib/gcc/x86_64-unknown-linux-gnu/]
  ignore line: [LIBRARY_PATH=/usr/lib/gcc/x86_64-unknown-linux-gnu/5.2.0/:/usr/lib/gcc/x86_64-unknown-linux-gnu/5.2.0/../../../../lib/:/lib/../lib/:/usr/lib/../lib/:/usr/lib/gcc/x86_64-unknown-linux-gnu/5.2.0/../../../:/lib/:/usr/lib/]
  ignore line: [COLLECT_GCC_OPTIONS='-v' '-o' 'cmTC_808c7' '-rdynamic' '-mtune=generic' '-march=x86-64']
  link line: [ /usr/lib/gcc/x86_64-unknown-linux-gnu/5.2.0/collect2 -plugin /usr/lib/gcc/x86_64-unknown-linux-gnu/5.2.0/liblto_plugin.so -plugin-opt=/usr/lib/gcc/x86_64-unknown-linux-gnu/5.2.0/lto-wrapper -plugin-opt=-fresolution=/tmp/ccVjAlZK.res -plugin-opt=-pass-through=-lgcc -plugin-opt=-pass-through=-lgcc_s -plugin-opt=-pass-through=-lc -plugin-opt=-pass-through=-lgcc -plugin-opt=-pass-through=-lgcc_s --build-id --eh-frame-hdr --hash-style=gnu -m elf_x86_64 -export-dynamic -dynamic-linker /lib64/ld-linux-x86-64.so.2 -o cmTC_808c7 /usr/lib/gcc/x86_64-unknown-linux-gnu/5.2.0/../../../../lib/crt1.o /usr/lib/gcc/x86_64-unknown-linux-gnu/5.2.0/../../../../lib/crti.o /usr/lib/gcc/x86_64-unknown-linux-gnu/5.2.0/crtbegin.o -L/usr/lib/gcc/x86_64-unknown-linux-gnu/5.2.0 -L/usr/lib/gcc/x86_64-unknown-linux-gnu/5.2.0/../../../../lib -L/lib/../lib -L/usr/lib/../lib -L/usr/lib/gcc/x86_64-unknown-linux-gnu/5.2.0/../../.. CMakeFiles/cmTC_808c7.dir/CMakeCCompilerABI.c.o -lgcc --as-needed -lgcc_s --no-as-needed -lc -lgcc --as-needed -lgcc_s --no-as-needed /usr/lib/gcc/x86_64-unknown-linux-gnu/5.2.0/crtend.o /usr/lib/gcc/x86_64-unknown-linux-gnu/5.2.0/../../../../lib/crtn.o]
    arg [/usr/lib/gcc/x86_64-unknown-linux-gnu/5.2.0/collect2] ==> ignore
    arg [-plugin] ==> ignore
    arg [/usr/lib/gcc/x86_64-unknown-linux-gnu/5.2.0/liblto_plugin.so] ==> ignore
    arg [-plugin-opt=/usr/lib/gcc/x86_64-unknown-linux-gnu/5.2.0/lto-wrapper] ==> ignore
    arg [-plugin-opt=-fresolution=/tmp/ccVjAlZK.res] ==> ignore
    arg [-plugin-opt=-pass-through=-lgcc] ==> ignore
    arg [-plugin-opt=-pass-through=-lgcc_s] ==> ignore
    arg [-plugin-opt=-pass-through=-lc] ==> ignore
    arg [-plugin-opt=-pass-through=-lgcc] ==> ignore
    arg [-plugin-opt=-pass-through=-lgcc_s] ==> ignore
    arg [--build-id] ==> ignore
    arg [--eh-frame-hdr] ==> ignore
    arg [--hash-style=gnu] ==> ignore
    arg [-m] ==> ignore
    arg [elf_x86_64] ==> ignore
    arg [-export-dynamic] ==> ignore
    arg [-dynamic-linker] ==> ignore
    arg [/lib64/ld-linux-x86-64.so.2] ==> ignore
    arg [-o] ==> ignore
    arg [cmTC_808c7] ==> ignore
    arg [/usr/lib/gcc/x86_64-unknown-linux-gnu/5.2.0/../../../../lib/crt1.o] ==> ignore
    arg [/usr/lib/gcc/x86_64-unknown-linux-gnu/5.2.0/../../../../lib/crti.o] ==> ignore
    arg [/usr/lib/gcc/x86_64-unknown-linux-gnu/5.2.0/crtbegin.o] ==> ignore
    arg [-L/usr/lib/gcc/x86_64-unknown-linux-gnu/5.2.0] ==> dir [/usr/lib/gcc/x86_64-unknown-linux-gnu/5.2.0]
    arg [-L/usr/lib/gcc/x86_64-unknown-linux-gnu/5.2.0/../../../../lib] ==> dir [/usr/lib/gcc/x86_64-unknown-linux-gnu/5.2.0/../../../../lib]
    arg [-L/lib/../lib] ==> dir [/lib/../lib]
    arg [-L/usr/lib/../lib] ==> dir [/usr/lib/../lib]
    arg [-L/usr/lib/gcc/x86_64-unknown-linux-gnu/5.2.0/../../..] ==> dir [/usr/lib/gcc/x86_64-unknown-linux-gnu/5.2.0/../../..]
    arg [CMakeFiles/cmTC_808c7.dir/CMakeCCompilerABI.c.o] ==> ignore
    arg [-lgcc] ==> lib [gcc]
    arg [--as-needed] ==> ignore
    arg [-lgcc_s] ==> lib [gcc_s]
    arg [--no-as-needed] ==> ignore
    arg [-lc] ==> lib [c]
    arg [-lgcc] ==> lib [gcc]
    arg [--as-needed] ==> ignore
    arg [-lgcc_s] ==> lib [gcc_s]
    arg [--no-as-needed] ==> ignore
    arg [/usr/lib/gcc/x86_64-unknown-linux-gnu/5.2.0/crtend.o] ==> ignore
    arg [/usr/lib/gcc/x86_64-unknown-linux-gnu/5.2.0/../../../../lib/crtn.o] ==> ignore
  remove lib [gcc]
  remove lib [gcc_s]
  remove lib [gcc]
  remove lib [gcc_s]
  collapse library dir [/usr/lib/gcc/x86_64-unknown-linux-gnu/5.2.0] ==> [/usr/lib/gcc/x86_64-unknown-linux-gnu/5.2.0]
  collapse library dir [/usr/lib/gcc/x86_64-unknown-linux-gnu/5.2.0/../../../../lib] ==> [/usr/lib]
  collapse library dir [/lib/../lib] ==> [/lib]
  collapse library dir [/usr/lib/../lib] ==> [/usr/lib]
  collapse library dir [/usr/lib/gcc/x86_64-unknown-linux-gnu/5.2.0/../../..] ==> [/usr/lib]
  implicit libs: [c]
  implicit dirs: [/usr/lib/gcc/x86_64-unknown-linux-gnu/5.2.0;/usr/lib;/lib]
  implicit fwks: []




Detecting C [-std=c11] compiler features compiled with the following output:
Change Dir: /home/snow/workspace/SIFT/build/CMakeFiles/CMakeTmp

Run Build Command:"/usr/bin/make" "cmTC_d5e65/fast"
make[1]: Entering directory '/home/snow/workspace/SIFT/build/CMakeFiles/CMakeTmp'
/usr/bin/make -f CMakeFiles/cmTC_d5e65.dir/build.make CMakeFiles/cmTC_d5e65.dir/build
make[2]: Entering directory '/home/snow/workspace/SIFT/build/CMakeFiles/CMakeTmp'
Building C object CMakeFiles/cmTC_d5e65.dir/feature_tests.c.o
/usr/bin/cc   -std=c11 -o CMakeFiles/cmTC_d5e65.dir/feature_tests.c.o   -c /home/snow/workspace/SIFT/build/CMakeFiles/feature_tests.c
Linking C executable cmTC_d5e65
/usr/bin/cmake -E cmake_link_script CMakeFiles/cmTC_d5e65.dir/link.txt --verbose=1
/usr/bin/cc       CMakeFiles/cmTC_d5e65.dir/feature_tests.c.o  -o cmTC_d5e65 -rdynamic 
make[2]: Leaving directory '/home/snow/workspace/SIFT/build/CMakeFiles/CMakeTmp'
make[1]: Leaving directory '/home/snow/workspace/SIFT/build/CMakeFiles/CMakeTmp'


    Feature record: C_FEATURE:1c_function_prototypes
    Feature record: C_FEATURE:1c_restrict
    Feature record: C_FEATURE:1c_static_assert
    Feature record: C_FEATURE:1c_variadic_macros


Detecting C [-std=c99] compiler features compiled with the following output:
Change Dir: /home/snow/workspace/SIFT/build/CMakeFiles/CMakeTmp

Run Build Command:"/usr/bin/make" "cmTC_bf758/fast"
make[1]: Entering directory '/home/snow/workspace/SIFT/build/CMakeFiles/CMakeTmp'
/usr/bin/make -f CMakeFiles/cmTC_bf758.dir/build.make CMakeFiles/cmTC_bf758.dir/build
make[2]: Entering directory '/home/snow/workspace/SIFT/build/CMakeFiles/CMakeTmp'
Building C object CMakeFiles/cmTC_bf758.dir/feature_tests.c.o
/usr/bin/cc   -std=c99 -o CMakeFiles/cmTC_bf758.dir/feature_tests.c.o   -c /home/snow/workspace/SIFT/build/CMakeFiles/feature_tests.c
Linking C executable cmTC_bf758
/usr/bin/cmake -E cmake_link_script CMakeFiles/cmTC_bf758.dir/link.txt --verbose=1
/usr/bin/cc       CMakeFiles/cmTC_bf758.dir/feature_tests.c.o  -o cmTC_bf758 -rdynamic 
make[2]: Leaving directory '/home/snow/workspace/SIFT/build/CMakeFiles/CMakeTmp'
make[1]: Leaving directory '/home/snow/workspace/SIFT/build/CMakeFiles/CMakeTmp'


    Feature record: C_FEATURE:1c_function_prototypes
    Feature record: C_FEATURE:1c_restrict
    Feature record: C_FEATURE:0c_static_assert
    Feature record: C_FEATURE:1c_variadic_macros


Detecting C [-std=c90] compiler features compiled with the following output:
Change Dir: /home/snow/workspace/SIFT/build/CMakeFiles/CMakeTmp

Run Build Command:"/usr/bin/make" "cmTC_32976/fast"
make[1]: Entering directory '/home/snow/workspace/SIFT/build/CMakeFiles/CMakeTmp'
/usr/bin/make -f CMakeFiles/cmTC_32976.dir/build.make CMakeFiles/cmTC_32976.dir/build
make[2]: Entering directory '/home/snow/workspace/SIFT/build/CMakeFiles/CMakeTmp'
Building C object CMakeFiles/cmTC_32976.dir/feature_tests.c.o
/usr/bin/cc   -std=c90 -o CMakeFiles/cmTC_32976.dir/feature_tests.c.o   -c /home/snow/workspace/SIFT/build/CMakeFiles/feature_tests.c
Linking C executable cmTC_32976
/usr/bin/cmake -E cmake_link_script CMakeFiles/cmTC_32976.dir/link.txt --verbose=1
/usr/bin/cc       CMakeFiles/cmTC_32976.dir/feature_tests.c.o  -o cmTC_32976 -rdynamic 
make[2]: Leaving directory '/home/snow/workspace/SIFT/build/CMakeFiles/CMakeTmp'
make[1]: Leaving directory '/home/snow/workspace/SIFT/build/CMakeFiles/CMakeTmp'


    Feature record: C_FEATURE:1c_function_prototypes
    Feature record: C_FEATURE:0c_restrict
    Feature record: C_FEATURE:0c_static_assert
    Feature record: C_FEATURE:0c_variadic_macros
Determining if the CXX compiler works passed with the following output:
Change Dir: /home/snow/workspace/SIFT/build/CMakeFiles/CMakeTmp

Run Build Command:"/usr/bin/make" "cmTC_8409c/fast"
make[1]: Entering directory '/home/snow/workspace/SIFT/build/CMakeFiles/CMakeTmp'
/usr/bin/make -f CMakeFiles/cmTC_8409c.dir/build.make CMakeFiles/cmTC_8409c.dir/build
make[2]: Entering directory '/home/snow/workspace/SIFT/build/CMakeFiles/CMakeTmp'
Building CXX object CMakeFiles/cmTC_8409c.dir/testCXXCompiler.cxx.o
/usr/bin/c++     -o CMakeFiles/cmTC_8409c.dir/testCXXCompiler.cxx.o -c /home/snow/workspace/SIFT/build/CMakeFiles/CMakeTmp/testCXXCompiler.cxx
Linking CXX executable cmTC_8409c
/usr/bin/cmake -E cmake_link_script CMakeFiles/cmTC_8409c.dir/link.txt --verbose=1
/usr/bin/c++        CMakeFiles/cmTC_8409c.dir/testCXXCompiler.cxx.o  -o cmTC_8409c -rdynamic 
make[2]: Leaving directory '/home/snow/workspace/SIFT/build/CMakeFiles/CMakeTmp'
make[1]: Leaving directory '/home/snow/workspace/SIFT/build/CMakeFiles/CMakeTmp'


Detecting CXX compiler ABI info compiled with the following output:
Change Dir: /home/snow/workspace/SIFT/build/CMakeFiles/CMakeTmp

Run Build Command:"/usr/bin/make" "cmTC_c9864/fast"
make[1]: Entering directory '/home/snow/workspace/SIFT/build/CMakeFiles/CMakeTmp'
/usr/bin/make -f CMakeFiles/cmTC_c9864.dir/build.make CMakeFiles/cmTC_c9864.dir/build
make[2]: Entering directory '/home/snow/workspace/SIFT/build/CMakeFiles/CMakeTmp'
Building CXX object CMakeFiles/cmTC_c9864.dir/CMakeCXXCompilerABI.cpp.o
/usr/bin/c++     -o CMakeFiles/cmTC_c9864.dir/CMakeCXXCompilerABI.cpp.o -c /usr/share/cmake-3.3/Modules/CMakeCXXCompilerABI.cpp
Linking CXX executable cmTC_c9864
/usr/bin/cmake -E cmake_link_script CMakeFiles/cmTC_c9864.dir/link.txt --verbose=1
/usr/bin/c++       -v CMakeFiles/cmTC_c9864.dir/CMakeCXXCompilerABI.cpp.o  -o cmTC_c9864 -rdynamic  
Using built-in specs.
COLLECT_GCC=/usr/bin/c++
COLLECT_LTO_WRAPPER=/usr/lib/gcc/x86_64-unknown-linux-gnu/5.2.0/lto-wrapper
Target: x86_64-unknown-linux-gnu
Configured with: /build/gcc-multilib/src/gcc-5.2.0/configure --prefix=/usr --libdir=/usr/lib --libexecdir=/usr/lib --mandir=/usr/share/man --infodir=/usr/share/info --with-bugurl=https://bugs.archlinux.org/ --enable-languages=c,c++,ada,fortran,go,lto,objc,obj-c++ --enable-shared --enable-threads=posix --enable-libmpx --with-system-zlib --with-isl --enable-__cxa_atexit --disable-libunwind-exceptions --enable-clocale=gnu --disable-libstdcxx-pch --disable-libssp --enable-gnu-unique-object --enable-linker-build-id --enable-lto --enable-plugin --enable-install-libiberty --with-linker-hash-style=gnu --enable-gnu-indirect-function --enable-multilib --disable-werror --enable-checking=release --with-default-libstdcxx-abi=gcc4-compatible
Thread model: posix
gcc version 5.2.0 (GCC) 
COMPILER_PATH=/usr/lib/gcc/x86_64-unknown-linux-gnu/5.2.0/:/usr/lib/gcc/x86_64-unknown-linux-gnu/5.2.0/:/usr/lib/gcc/x86_64-unknown-linux-gnu/:/usr/lib/gcc/x86_64-unknown-linux-gnu/5.2.0/:/usr/lib/gcc/x86_64-unknown-linux-gnu/
LIBRARY_PATH=/usr/lib/gcc/x86_64-unknown-linux-gnu/5.2.0/:/usr/lib/gcc/x86_64-unknown-linux-gnu/5.2.0/../../../../lib/:/lib/../lib/:/usr/lib/../lib/:/usr/lib/gcc/x86_64-unknown-linux-gnu/5.2.0/../../../:/lib/:/usr/lib/
COLLECT_GCC_OPTIONS='-v' '-o' 'cmTC_c9864' '-rdynamic' '-shared-libgcc' '-mtune=generic' '-march=x86-64'
 /usr/lib/gcc/x86_64-unknown-linux-gnu/5.2.0/collect2 -plugin /usr/lib/gcc/x86_64-unknown-linux-gnu/5.2.0/liblto_plugin.so -plugin-opt=/usr/lib/gcc/x86_64-unknown-linux-gnu/5.2.0/lto-wrapper -plugin-opt=-fresolution=/tmp/ccfkGBA8.res -plugin-opt=-pass-through=-lgcc_s -plugin-opt=-pass-through=-lgcc -plugin-opt=-pass-through=-lc -plugin-opt=-pass-through=-lgcc_s -plugin-opt=-pass-through=-lgcc --build-id --eh-frame-hdr --hash-style=gnu -m elf_x86_64 -export-dynamic -dynamic-linker /lib64/ld-linux-x86-64.so.2 -o cmTC_c9864 /usr/lib/gcc/x86_64-unknown-linux-gnu/5.2.0/../../../../lib/crt1.o /usr/lib/gcc/x86_64-unknown-linux-gnu/5.2.0/../../../../lib/crti.o /usr/lib/gcc/x86_64-unknown-linux-gnu/5.2.0/crtbegin.o -L/usr/lib/gcc/x86_64-unknown-linux-gnu/5.2.0 -L/usr/lib/gcc/x86_64-unknown-linux-gnu/5.2.0/../../../../lib -L/lib/../lib -L/usr/lib/../lib -L/usr/lib/gcc/x86_64-unknown-linux-gnu/5.2.0/../../.. CMakeFiles/cmTC_c9864.dir/CMakeCXXCompilerABI.cpp.o -lstdc++ -lm -lgcc_s -lgcc -lc -lgcc_s -lgcc /usr/lib/gcc/x86_64-unknown-linux-gnu/5.2.0/crtend.o /usr/lib/gcc/x86_64-unknown-linux-gnu/5.2.0/../../../../lib/crtn.o
make[2]: Leaving directory '/home/snow/workspace/SIFT/build/CMakeFiles/CMakeTmp'
make[1]: Leaving directory '/home/snow/workspace/SIFT/build/CMakeFiles/CMakeTmp'


Parsed CXX implicit link information from above output:
  link line regex: [^( *|.*[/\])(ld|([^/\]+-)?ld|collect2)[^/\]*( |$)]
  ignore line: [Change Dir: /home/snow/workspace/SIFT/build/CMakeFiles/CMakeTmp]
  ignore line: []
  ignore line: [Run Build Command:"/usr/bin/make" "cmTC_c9864/fast"]
  ignore line: [make[1]: Entering directory '/home/snow/workspace/SIFT/build/CMakeFiles/CMakeTmp']
  ignore line: [/usr/bin/make -f CMakeFiles/cmTC_c9864.dir/build.make CMakeFiles/cmTC_c9864.dir/build]
  ignore line: [make[2]: Entering directory '/home/snow/workspace/SIFT/build/CMakeFiles/CMakeTmp']
  ignore line: [Building CXX object CMakeFiles/cmTC_c9864.dir/CMakeCXXCompilerABI.cpp.o]
  ignore line: [/usr/bin/c++     -o CMakeFiles/cmTC_c9864.dir/CMakeCXXCompilerABI.cpp.o -c /usr/share/cmake-3.3/Modules/CMakeCXXCompilerABI.cpp]
  ignore line: [Linking CXX executable cmTC_c9864]
  ignore line: [/usr/bin/cmake -E cmake_link_script CMakeFiles/cmTC_c9864.dir/link.txt --verbose=1]
  ignore line: [/usr/bin/c++       -v CMakeFiles/cmTC_c9864.dir/CMakeCXXCompilerABI.cpp.o  -o cmTC_c9864 -rdynamic  ]
  ignore line: [Using built-in specs.]
  ignore line: [COLLECT_GCC=/usr/bin/c++]
  ignore line: [COLLECT_LTO_WRAPPER=/usr/lib/gcc/x86_64-unknown-linux-gnu/5.2.0/lto-wrapper]
  ignore line: [Target: x86_64-unknown-linux-gnu]
  ignore line: [Configured with: /build/gcc-multilib/src/gcc-5.2.0/configure --prefix=/usr --libdir=/usr/lib --libexecdir=/usr/lib --mandir=/usr/share/man --infodir=/usr/share/info --with-bugurl=https://bugs.archlinux.org/ --enable-languages=c,c++,ada,fortran,go,lto,objc,obj-c++ --enable-shared --enable-threads=posix --enable-libmpx --with-system-zlib --with-isl --enable-__cxa_atexit --disable-libunwind-exceptions --enable-clocale=gnu --disable-libstdcxx-pch --disable-libssp --enable-gnu-unique-object --enable-linker-build-id --enable-lto --enable-plugin --enable-install-libiberty --with-linker-hash-style=gnu --enable-gnu-indirect-function --enable-multilib --disable-werror --enable-checking=release --with-default-libstdcxx-abi=gcc4-compatible]
  ignore line: [Thread model: posix]
  ignore line: [gcc version 5.2.0 (GCC) ]
  ignore line: [COMPILER_PATH=/usr/lib/gcc/x86_64-unknown-linux-gnu/5.2.0/:/usr/lib/gcc/x86_64-unknown-linux-gnu/5.2.0/:/usr/lib/gcc/x86_64-unknown-linux-gnu/:/usr/lib/gcc/x86_64-unknown-linux-gnu/5.2.0/:/usr/lib/gcc/x86_64-unknown-linux-gnu/]
  ignore line: [LIBRARY_PATH=/usr/lib/gcc/x86_64-unknown-linux-gnu/5.2.0/:/usr/lib/gcc/x86_64-unknown-linux-gnu/5.2.0/../../../../lib/:/lib/../lib/:/usr/lib/../lib/:/usr/lib/gcc/x86_64-unknown-linux-gnu/5.2.0/../../../:/lib/:/usr/lib/]
  ignore line: [COLLECT_GCC_OPTIONS='-v' '-o' 'cmTC_c9864' '-rdynamic' '-shared-libgcc' '-mtune=generic' '-march=x86-64']
  link line: [ /usr/lib/gcc/x86_64-unknown-linux-gnu/5.2.0/collect2 -plugin /usr/lib/gcc/x86_64-unknown-linux-gnu/5.2.0/liblto_plugin.so -plugin-opt=/usr/lib/gcc/x86_64-unknown-linux-gnu/5.2.0/lto-wrapper -plugin-opt=-fresolution=/tmp/ccfkGBA8.res -plugin-opt=-pass-through=-lgcc_s -plugin-opt=-pass-through=-lgcc -plugin-opt=-pass-through=-lc -plugin-opt=-pass-through=-lgcc_s -plugin-opt=-pass-through=-lgcc --build-id --eh-frame-hdr --hash-style=gnu -m elf_x86_64 -export-dynamic -dynamic-linker /lib64/ld-linux-x86-64.so.2 -o cmTC_c9864 /usr/lib/gcc/x86_64-unknown-linux-gnu/5.2.0/../../../../lib/crt1.o /usr/lib/gcc/x86_64-unknown-linux-gnu/5.2.0/../../../../lib/crti.o /usr/lib/gcc/x86_64-unknown-linux-gnu/5.2.0/crtbegin.o -L/usr/lib/gcc/x86_64-unknown-linux-gnu/5.2.0 -L/usr/lib/gcc/x86_64-unknown-linux-gnu/5.2.0/../../../../lib -L/lib/../lib -L/usr/lib/../lib -L/usr/lib/gcc/x86_64-unknown-linux-gnu/5.2.0/../../.. CMakeFiles/cmTC_c9864.dir/CMakeCXXCompilerABI.cpp.o -lstdc++ -lm -lgcc_s -lgcc -lc -lgcc_s -lgcc /usr/lib/gcc/x86_64-unknown-linux-gnu/5.2.0/crtend.o /usr/lib/gcc/x86_64-unknown-linux-gnu/5.2.0/../../../../lib/crtn.o]
    arg [/usr/lib/gcc/x86_64-unknown-linux-gnu/5.2.0/collect2] ==> ignore
    arg [-plugin] ==> ignore
    arg [/usr/lib/gcc/x86_64-unknown-linux-gnu/5.2.0/liblto_plugin.so] ==> ignore
    arg [-plugin-opt=/usr/lib/gcc/x86_64-unknown-linux-gnu/5.2.0/lto-wrapper] ==> ignore
    arg [-plugin-opt=-fresolution=/tmp/ccfkGBA8.res] ==> ignore
    arg [-plugin-opt=-pass-through=-lgcc_s] ==> ignore
    arg [-plugin-opt=-pass-through=-lgcc] ==> ignore
    arg [-plugin-opt=-pass-through=-lc] ==> ignore
    arg [-plugin-opt=-pass-through=-lgcc_s] ==> ignore
    arg [-plugin-opt=-pass-through=-lgcc] ==> ignore
    arg [--build-id] ==> ignore
    arg [--eh-frame-hdr] ==> ignore
    arg [--hash-style=gnu] ==> ignore
    arg [-m] ==> ignore
    arg [elf_x86_64] ==> ignore
    arg [-export-dynamic] ==> ignore
    arg [-dynamic-linker] ==> ignore
    arg [/lib64/ld-linux-x86-64.so.2] ==> ignore
    arg [-o] ==> ignore
    arg [cmTC_c9864] ==> ignore
    arg [/usr/lib/gcc/x86_64-unknown-linux-gnu/5.2.0/../../../../lib/crt1.o] ==> ignore
    arg [/usr/lib/gcc/x86_64-unknown-linux-gnu/5.2.0/../../../../lib/crti.o] ==> ignore
    arg [/usr/lib/gcc/x86_64-unknown-linux-gnu/5.2.0/crtbegin.o] ==> ignore
    arg [-L/usr/lib/gcc/x86_64-unknown-linux-gnu/5.2.0] ==> dir [/usr/lib/gcc/x86_64-unknown-linux-gnu/5.2.0]
    arg [-L/usr/lib/gcc/x86_64-unknown-linux-gnu/5.2.0/../../../../lib] ==> dir [/usr/lib/gcc/x86_64-unknown-linux-gnu/5.2.0/../../../../lib]
    arg [-L/lib/../lib] ==> dir [/lib/../lib]
    arg [-L/usr/lib/../lib] ==> dir [/usr/lib/../lib]
    arg [-L/usr/lib/gcc/x86_64-unknown-linux-gnu/5.2.0/../../..] ==> dir [/usr/lib/gcc/x86_64-unknown-linux-gnu/5.2.0/../../..]
    arg [CMakeFiles/cmTC_c9864.dir/CMakeCXXCompilerABI.cpp.o] ==> ignore
    arg [-lstdc++] ==> lib [stdc++]
    arg [-lm] ==> lib [m]
    arg [-lgcc_s] ==> lib [gcc_s]
    arg [-lgcc] ==> lib [gcc]
    arg [-lc] ==> lib [c]
    arg [-lgcc_s] ==> lib [gcc_s]
    arg [-lgcc] ==> lib [gcc]
    arg [/usr/lib/gcc/x86_64-unknown-linux-gnu/5.2.0/crtend.o] ==> ignore
    arg [/usr/lib/gcc/x86_64-unknown-linux-gnu/5.2.0/../../../../lib/crtn.o] ==> ignore
  remove lib [gcc_s]
  remove lib [gcc]
  remove lib [gcc_s]
  remove lib [gcc]
  collapse library dir [/usr/lib/gcc/x86_64-unknown-linux-gnu/5.2.0] ==> [/usr/lib/gcc/x86_64-unknown-linux-gnu/5.2.0]
  collapse library dir [/usr/lib/gcc/x86_64-unknown-linux-gnu/5.2.0/../../../../lib] ==> [/usr/lib]
  collapse library dir [/lib/../lib] ==> [/lib]
  collapse library dir [/usr/lib/../lib] ==> [/usr/lib]
  collapse library dir [/usr/lib/gcc/x86_64-unknown-linux-gnu/5.2.0/../../..] ==> [/usr/lib]
  implicit libs: [stdc++;m;c]
  implicit dirs: [/usr/lib/gcc/x86_64-unknown-linux-gnu/5.2.0;/usr/lib;/lib]
  implicit fwks: []




Detecting CXX [-std=c++14] compiler features compiled with the following output:
Change Dir: /home/snow/workspace/SIFT/build/CMakeFiles/CMakeTmp

Run Build Command:"/usr/bin/make" "cmTC_c83c3/fast"
make[1]: Entering directory '/home/snow/workspace/SIFT/build/CMakeFiles/CMakeTmp'
/usr/bin/make -f CMakeFiles/cmTC_c83c3.dir/build.make CMakeFiles/cmTC_c83c3.dir/build
make[2]: Entering directory '/home/snow/workspace/SIFT/build/CMakeFiles/CMakeTmp'
Building CXX object CMakeFiles/cmTC_c83c3.dir/feature_tests.cxx.o
/usr/bin/c++    -std=c++14 -o CMakeFiles/cmTC_c83c3.dir/feature_tests.cxx.o -c /home/snow/workspace/SIFT/build/CMakeFiles/feature_tests.cxx
Linking CXX executable cmTC_c83c3
/usr/bin/cmake -E cmake_link_script CMakeFiles/cmTC_c83c3.dir/link.txt --verbose=1
/usr/bin/c++        CMakeFiles/cmTC_c83c3.dir/feature_tests.cxx.o  -o cmTC_c83c3 -rdynamic 
make[2]: Leaving directory '/home/snow/workspace/SIFT/build/CMakeFiles/CMakeTmp'
make[1]: Leaving directory '/home/snow/workspace/SIFT/build/CMakeFiles/CMakeTmp'


    Feature record: CXX_FEATURE:1cxx_aggregate_default_initializers
    Feature record: CXX_FEATURE:1cxx_alias_templates
    Feature record: CXX_FEATURE:1cxx_alignas
    Feature record: CXX_FEATURE:1cxx_alignof
    Feature record: CXX_FEATURE:1cxx_attributes
    Feature record: CXX_FEATURE:1cxx_attribute_deprecated
    Feature record: CXX_FEATURE:1cxx_auto_type
    Feature record: CXX_FEATURE:1cxx_binary_literals
    Feature record: CXX_FEATURE:1cxx_constexpr
    Feature record: CXX_FEATURE:1cxx_contextual_conversions
    Feature record: CXX_FEATURE:1cxx_decltype
    Feature record: CXX_FEATURE:1cxx_decltype_auto
    Feature record: CXX_FEATURE:1cxx_decltype_incomplete_return_types
    Feature record: CXX_FEATURE:1cxx_default_function_template_args
    Feature record: CXX_FEATURE:1cxx_defaulted_functions
    Feature record: CXX_FEATURE:1cxx_defaulted_move_initializers
    Feature record: CXX_FEATURE:1cxx_delegating_constructors
    Feature record: CXX_FEATURE:1cxx_deleted_functions
    Feature record: CXX_FEATURE:1cxx_digit_separators
    Feature record: CXX_FEATURE:1cxx_enum_forward_declarations
    Feature record: CXX_FEATURE:1cxx_explicit_conversions
    Feature record: CXX_FEATURE:1cxx_extended_friend_declarations
    Feature record: CXX_FEATURE:1cxx_extern_templates
    Feature record: CXX_FEATURE:1cxx_final
    Feature record: CXX_FEATURE:1cxx_func_identifier
    Feature record: CXX_FEATURE:1cxx_generalized_initializers
    Feature record: CXX_FEATURE:1cxx_generic_lambdas
    Feature record: CXX_FEATURE:1cxx_inheriting_constructors
    Feature record: CXX_FEATURE:1cxx_inline_namespaces
    Feature record: CXX_FEATURE:1cxx_lambdas
    Feature record: CXX_FEATURE:1cxx_lambda_init_captures
    Feature record: CXX_FEATURE:1cxx_local_type_template_args
    Feature record: CXX_FEATURE:1cxx_long_long_type
    Feature record: CXX_FEATURE:1cxx_noexcept
    Feature record: CXX_FEATURE:1cxx_nonstatic_member_init
    Feature record: CXX_FEATURE:1cxx_nullptr
    Feature record: CXX_FEATURE:1cxx_override
    Feature record: CXX_FEATURE:1cxx_range_for
    Feature record: CXX_FEATURE:1cxx_raw_string_literals
    Feature record: CXX_FEATURE:1cxx_reference_qualified_functions
    Feature record: CXX_FEATURE:1cxx_relaxed_constexpr
    Feature record: CXX_FEATURE:1cxx_return_type_deduction
    Feature record: CXX_FEATURE:1cxx_right_angle_brackets
    Feature record: CXX_FEATURE:1cxx_rvalue_references
    Feature record: CXX_FEATURE:1cxx_sizeof_member
    Feature record: CXX_FEATURE:1cxx_static_assert
    Feature record: CXX_FEATURE:1cxx_strong_enums
    Feature record: CXX_FEATURE:1cxx_template_template_parameters
    Feature record: CXX_FEATURE:1cxx_thread_local
    Feature record: CXX_FEATURE:1cxx_trailing_return_types
    Feature record: CXX_FEATURE:1cxx_unicode_literals
    Feature record: CXX_FEATURE:1cxx_uniform_initialization
    Feature record: CXX_FEATURE:1cxx_unrestricted_unions
    Feature record: CXX_FEATURE:1cxx_user_literals
    Feature record: CXX_FEATURE:1cxx_variable_templates
    Feature record: CXX_FEATURE:1cxx_variadic_macros
    Feature record: CXX_FEATURE:1cxx_variadic_templates


Detecting CXX [-std=c++11] compiler features compiled with the following output:
Change Dir: /home/snow/workspace/SIFT/build/CMakeFiles/CMakeTmp

Run Build Command:"/usr/bin/make" "cmTC_1f687/fast"
make[1]: Entering directory '/home/snow/workspace/SIFT/build/CMakeFiles/CMakeTmp'
/usr/bin/make -f CMakeFiles/cmTC_1f687.dir/build.make CMakeFiles/cmTC_1f687.dir/build
make[2]: Entering directory '/home/snow/workspace/SIFT/build/CMakeFiles/CMakeTmp'
Building CXX object CMakeFiles/cmTC_1f687.dir/feature_tests.cxx.o
/usr/bin/c++    -std=c++11 -o CMakeFiles/cmTC_1f687.dir/feature_tests.cxx.o -c /home/snow/workspace/SIFT/build/CMakeFiles/feature_tests.cxx
Linking CXX executable cmTC_1f687
/usr/bin/cmake -E cmake_link_script CMakeFiles/cmTC_1f687.dir/link.txt --verbose=1
/usr/bin/c++        CMakeFiles/cmTC_1f687.dir/feature_tests.cxx.o  -o cmTC_1f687 -rdynamic 
make[2]: Leaving directory '/home/snow/workspace/SIFT/build/CMakeFiles/CMakeTmp'
make[1]: Leaving directory '/home/snow/workspace/SIFT/build/CMakeFiles/CMakeTmp'


    Feature record: CXX_FEATURE:0cxx_aggregate_default_initializers
    Feature record: CXX_FEATURE:1cxx_alias_templates
    Feature record: CXX_FEATURE:1cxx_alignas
    Feature record: CXX_FEATURE:1cxx_alignof
    Feature record: CXX_FEATURE:1cxx_attributes
    Feature record: CXX_FEATURE:0cxx_attribute_deprecated
    Feature record: CXX_FEATURE:1cxx_auto_type
    Feature record: CXX_FEATURE:0cxx_binary_literals
    Feature record: CXX_FEATURE:1cxx_constexpr
    Feature record: CXX_FEATURE:0cxx_contextual_conversions
    Feature record: CXX_FEATURE:1cxx_decltype
    Feature record: CXX_FEATURE:0cxx_decltype_auto
    Feature record: CXX_FEATURE:1cxx_decltype_incomplete_return_types
    Feature record: CXX_FEATURE:1cxx_default_function_template_args
    Feature record: CXX_FEATURE:1cxx_defaulted_functions
    Feature record: CXX_FEATURE:1cxx_defaulted_move_initializers
    Feature record: CXX_FEATURE:1cxx_delegating_constructors
    Feature record: CXX_FEATURE:1cxx_deleted_functions
    Feature record: CXX_FEATURE:0cxx_digit_separators
    Feature record: CXX_FEATURE:1cxx_enum_forward_declarations
    Feature record: CXX_FEATURE:1cxx_explicit_conversions
    Feature record: CXX_FEATURE:1cxx_extended_friend_declarations
    Feature record: CXX_FEATURE:1cxx_extern_templates
    Feature record: CXX_FEATURE:1cxx_final
    Feature record: CXX_FEATURE:1cxx_func_identifier
    Feature record: CXX_FEATURE:1cxx_generalized_initializers
    Feature record: CXX_FEATURE:0cxx_generic_lambdas
    Feature record: CXX_FEATURE:1cxx_inheriting_constructors
    Feature record: CXX_FEATURE:1cxx_inline_namespaces
    Feature record: CXX_FEATURE:1cxx_lambdas
    Feature record: CXX_FEATURE:0cxx_lambda_init_captures
    Feature record: CXX_FEATURE:1cxx_local_type_template_args
    Feature record: CXX_FEATURE:1cxx_long_long_type
    Feature record: CXX_FEATURE:1cxx_noexcept
    Feature record: CXX_FEATURE:1cxx_nonstatic_member_init
    Feature record: CXX_FEATURE:1cxx_nullptr
    Feature record: CXX_FEATURE:1cxx_override
    Feature record: CXX_FEATURE:1cxx_range_for
    Feature record: CXX_FEATURE:1cxx_raw_string_literals
    Feature record: CXX_FEATURE:1cxx_reference_qualified_functions
    Feature record: CXX_FEATURE:0cxx_relaxed_constexpr
    Feature record: CXX_FEATURE:0cxx_return_type_deduction
    Feature record: CXX_FEATURE:1cxx_right_angle_brackets
    Feature record: CXX_FEATURE:1cxx_rvalue_references
    Feature record: CXX_FEATURE:1cxx_sizeof_member
    Feature record: CXX_FEATURE:1cxx_static_assert
    Feature record: CXX_FEATURE:1cxx_strong_enums
    Feature record: CXX_FEATURE:1cxx_template_template_parameters
    Feature record: CXX_FEATURE:1cxx_thread_local
    Feature record: CXX_FEATURE:1cxx_trailing_return_types
    Feature record: CXX_FEATURE:1cxx_unicode_literals
    Feature record: CXX_FEATURE:1cxx_uniform_initialization
    Feature record: CXX_FEATURE:1cxx_unrestricted_unions
    Feature record: CXX_FEATURE:1cxx_user_literals
    Feature record: CXX_FEATURE:0cxx_variable_templates
    Feature record: CXX_FEATURE:1cxx_variadic_macros
    Feature record: CXX_FEATURE:1cxx_variadic_templates


Detecting CXX [-std=c++98] compiler features compiled with the following output:
Change Dir: /home/snow/workspace/SIFT/build/CMakeFiles/CMakeTmp

Run Build Command:"/usr/bin/make" "cmTC_9711e/fast"
make[1]: Entering directory '/home/snow/workspace/SIFT/build/CMakeFiles/CMakeTmp'
/usr/bin/make -f CMakeFiles/cmTC_9711e.dir/build.make CMakeFiles/cmTC_9711e.dir/build
make[2]: Entering directory '/home/snow/workspace/SIFT/build/CMakeFiles/CMakeTmp'
Building CXX object CMakeFiles/cmTC_9711e.dir/feature_tests.cxx.o
/usr/bin/c++    -std=c++98 -o CMakeFiles/cmTC_9711e.dir/feature_tests.cxx.o -c /home/snow/workspace/SIFT/build/CMakeFiles/feature_tests.cxx
Linking CXX executable cmTC_9711e
/usr/bin/cmake -E cmake_link_script CMakeFiles/cmTC_9711e.dir/link.txt --verbose=1
/usr/bin/c++        CMakeFiles/cmTC_9711e.dir/feature_tests.cxx.o  -o cmTC_9711e -rdynamic 
make[2]: Leaving directory '/home/snow/workspace/SIFT/build/CMakeFiles/CMakeTmp'
make[1]: Leaving directory '/home/snow/workspace/SIFT/build/CMakeFiles/CMakeTmp'


    Feature record: CXX_FEATURE:0cxx_aggregate_default_initializers
    Feature record: CXX_FEATURE:0cxx_alias_templates
    Feature record: CXX_FEATURE:0cxx_alignas
    Feature record: CXX_FEATURE:0cxx_alignof
    Feature record: CXX_FEATURE:0cxx_attributes
    Feature record: CXX_FEATURE:0cxx_attribute_deprecated
    Feature record: CXX_FEATURE:0cxx_auto_type
    Feature record: CXX_FEATURE:0cxx_binary_literals
    Feature record: CXX_FEATURE:0cxx_constexpr
    Feature record: CXX_FEATURE:0cxx_contextual_conversions
    Feature record: CXX_FEATURE:0cxx_decltype
    Feature record: CXX_FEATURE:0cxx_decltype_auto
    Feature record: CXX_FEATURE:0cxx_decltype_incomplete_return_types
    Feature record: CXX_FEATURE:0cxx_default_function_template_args
    Feature record: CXX_FEATURE:0cxx_defaulted_functions
    Feature record: CXX_FEATURE:0cxx_defaulted_move_initializers
    Feature record: CXX_FEATURE:0cxx_delegating_constructors
    Feature record: CXX_FEATURE:0cxx_deleted_functions
    Feature record: CXX_FEATURE:0cxx_digit_separators
    Feature record: CXX_FEATURE:0cxx_enum_forward_declarations
    Feature record: CXX_FEATURE:0cxx_explicit_conversions
    Feature record: CXX_FEATURE:0cxx_extended_friend_declarations
    Feature record: CXX_FEATURE:0cxx_extern_templates
    Feature record: CXX_FEATURE:0cxx_final
    Feature record: CXX_FEATURE:0cxx_func_identifier
    Feature record: CXX_FEATURE:0cxx_generalized_initializers
    Feature record: CXX_FEATURE:0cxx_generic_lambdas
    Feature record: CXX_FEATURE:0cxx_inheriting_constructors
    Feature record: CXX_FEATURE:0cxx_inline_namespaces
    Feature record: CXX_FEATURE:0cxx_lambdas
    Feature record: CXX_FEATURE:0cxx_lambda_init_captures
    Feature record: CXX_FEATURE:0cxx_local_type_template_args
    Feature record: CXX_FEATURE:0cxx_long_long_type
    Feature record: CXX_FEATURE:0cxx_noexcept
    Feature record: CXX_FEATURE:0cxx_nonstatic_member_init
    Feature record: CXX_FEATURE:0cxx_nullptr
    Feature record: CXX_FEATURE:0cxx_override
    Feature record: CXX_FEATURE:0cxx_range_for
    Feature record: CXX_FEATURE:0cxx_raw_string_literals
    Feature record: CXX_FEATURE:0cxx_reference_qualified_functions
    Feature record: CXX_FEATURE:0cxx_relaxed_constexpr
    Feature record: CXX_FEATURE:0cxx_return_type_deduction
    Feature record: CXX_FEATURE:0cxx_right_angle_brackets
    Feature record: CXX_FEATURE:0cxx_rvalue_references
    Feature record: CXX_FEATURE:0cxx_sizeof_member
    Feature record: CXX_FEATURE:0cxx_static_assert
    Feature record: CXX_FEATURE:0cxx_strong_enums
    Feature record: CXX_FEATURE:1cxx_template_template_parameters
    Feature record: CXX_FEATURE:0cxx_thread_local
    Feature record: CXX_FEATURE:0cxx_trailing_return_types
    Feature record: CXX_FEATURE:0cxx_unicode_literals
    Feature record: CXX_FEATURE:0cxx_uniform_initialization
    Feature record: CXX_FEATURE:0cxx_unrestricted_unions
    Feature record: CXX_FEATURE:0cxx_user_literals
    Feature record: CXX_FEATURE:0cxx_variable_templates
    Feature record: CXX_FEATURE:0cxx_variadic_macros
    Feature record: CXX_FEATURE:0cxx_variadic_templates
